# JRE version: OpenJDK Runtime Environment (8.0_212-b04) (build 1.8.0_212-release-1586-b04)
# Java VM: OpenJDK 64-Bit Server VM (25.212-b04 mixed mode windows-amd64 compressed oops)
Heap:
 PSYoungGen      total 184320K, used 34621K [0x00000000e0000000, 0x00000000eee80000, 0x0000000100000000)
  eden space 165376K, 9% used [0x00000000e0000000,0x00000000e0f56dd0,0x00000000ea180000)
  from space 18944K, 99% used [0x00000000ec100000,0x00000000ed3786b0,0x00000000ed380000)
  to   space 32256K, 0% used [0x00000000ea180000,0x00000000ea180000,0x00000000ec100000)
 ParOldGen       total 148480K, used 65513K [0x00000000a0000000, 0x00000000a9100000, 0x00000000e0000000)
  object space 148480K, 44% used [0x00000000a0000000,0x00000000a3ffa570,0x00000000a9100000)
 Metaspace       used 73176K, capacity 76750K, committed 77016K, reserved 1116160K
  class space    used 10237K, capacity 10937K, committed 10968K, reserved 1048576K
GC Heap History (10 events):
Event: 6.493 GC heap before
{Heap before GC invocations=13 (full 2):
 PSYoungGen      total 140800K, used 140779K [0x00000000e0000000, 0x00000000ea300000, 0x0000000100000000)
  eden space 128000K, 100% used [0x00000000e0000000,0x00000000e7d00000,0x00000000e7d00000)
  from space 12800K, 99% used [0x00000000e9680000,0x00000000ea2faed0,0x00000000ea300000)
  to   space 14848K, 0% used [0x00000000e8600000,0x00000000e8600000,0x00000000e9480000)
 ParOldGen       total 95232K, used 19987K [0x00000000a0000000, 0x00000000a5d00000, 0x00000000e0000000)
  object space 95232K, 20% used [0x00000000a0000000,0x00000000a1384e30,0x00000000a5d00000)
 Metaspace       used 53449K, capacity 55116K, committed 55168K, reserved 1097728K
  class space    used 7328K, capacity 7758K, committed 7808K, reserved 1048576K
Event: 6.507 GC heap after
Heap after GC invocations=13 (full 2):
 PSYoungGen      total 152064K, used 13874K [0x00000000e0000000, 0x00000000eb980000, 0x0000000100000000)
  eden space 137216K, 0% used [0x00000000e0000000,0x00000000e0000000,0x00000000e8600000)
  from space 14848K, 93% used [0x00000000e8600000,0x00000000e938caa0,0x00000000e9480000)
  to   space 16384K, 0% used [0x00000000ea980000,0x00000000ea980000,0x00000000eb980000)
 ParOldGen       total 95232K, used 26003K [0x00000000a0000000, 0x00000000a5d00000, 0x00000000e0000000)
  object space 95232K, 27% used [0x00000000a0000000,0x00000000a1964c38,0x00000000a5d00000)
 Metaspace       used 53449K, capacity 55116K, committed 55168K, reserved 1097728K
  class space    used 7328K, capacity 7758K, committed 7808K, reserved 1048576K
}
Event: 7.446 GC heap before
{Heap before GC invocations=14 (full 2):
 PSYoungGen      total 152064K, used 85469K [0x00000000e0000000, 0x00000000eb980000, 0x0000000100000000)
  eden space 137216K, 52% used [0x00000000e0000000,0x00000000e45ea9f8,0x00000000e8600000)
  from space 14848K, 93% used [0x00000000e8600000,0x00000000e938caa0,0x00000000e9480000)
  to   space 16384K, 0% used [0x00000000ea980000,0x00000000ea980000,0x00000000eb980000)
 ParOldGen       total 95232K, used 26003K [0x00000000a0000000, 0x00000000a5d00000, 0x00000000e0000000)
  object space 95232K, 27% used [0x00000000a0000000,0x00000000a1964c38,0x00000000a5d00000)
 Metaspace       used 57188K, capacity 59048K, committed 59096K, reserved 1099776K
  class space    used 7894K, capacity 8380K, committed 8408K, reserved 1048576K
Event: 7.460 GC heap after
Heap after GC invocations=14 (full 2):
 PSYoungGen      total 171520K, used 16209K [0x00000000e0000000, 0x00000000ec900000, 0x0000000100000000)
  eden space 155136K, 0% used [0x00000000e0000000,0x00000000e0000000,0x00000000e9780000)
  from space 16384K, 98% used [0x00000000ea980000,0x00000000eb954568,0x00000000eb980000)
  to   space 18432K, 0% used [0x00000000e9780000,0x00000000e9780000,0x00000000ea980000)
 ParOldGen       total 95232K, used 26011K [0x00000000a0000000, 0x00000000a5d00000, 0x00000000e0000000)
  object space 95232K, 27% used [0x00000000a0000000,0x00000000a1966c38,0x00000000a5d00000)
 Metaspace       used 57188K, capacity 59048K, committed 59096K, reserved 1099776K
  class space    used 7894K, capacity 8380K, committed 8408K, reserved 1048576K
}
Event: 7.460 GC heap before
{Heap before GC invocations=15 (full 3):
 PSYoungGen      total 171520K, used 16209K [0x00000000e0000000, 0x00000000ec900000, 0x0000000100000000)
  eden space 155136K, 0% used [0x00000000e0000000,0x00000000e0000000,0x00000000e9780000)
  from space 16384K, 98% used [0x00000000ea980000,0x00000000eb954568,0x00000000eb980000)
  to   space 18432K, 0% used [0x00000000e9780000,0x00000000e9780000,0x00000000ea980000)
 ParOldGen       total 95232K, used 26011K [0x00000000a0000000, 0x00000000a5d00000, 0x00000000e0000000)
  object space 95232K, 27% used [0x00000000a0000000,0x00000000a1966c38,0x00000000a5d00000)
 Metaspace       used 57188K, capacity 59048K, committed 59096K, reserved 1099776K
  class space    used 7894K, capacity 8380K, committed 8408K, reserved 1048576K
Event: 7.690 GC heap after
Heap after GC invocations=15 (full 3):
 PSYoungGen      total 171520K, used 0K [0x00000000e0000000, 0x00000000ec900000, 0x0000000100000000)
  eden space 155136K, 0% used [0x00000000e0000000,0x00000000e0000000,0x00000000e9780000)
  from space 16384K, 0% used [0x00000000ea980000,0x00000000ea980000,0x00000000eb980000)
  to   space 18432K, 0% used [0x00000000e9780000,0x00000000e9780000,0x00000000ea980000)
 ParOldGen       total 148480K, used 36667K [0x00000000a0000000, 0x00000000a9100000, 0x00000000e0000000)
  object space 148480K, 24% used [0x00000000a0000000,0x00000000a23ceca0,0x00000000a9100000)
 Metaspace       used 57188K, capacity 59048K, committed 59096K, reserved 1099776K
  class space    used 7894K, capacity 8380K, committed 8408K, reserved 1048576K
}
Event: 9.021 GC heap before
{Heap before GC invocations=16 (full 3):
 PSYoungGen      total 171520K, used 155136K [0x00000000e0000000, 0x00000000ec900000, 0x0000000100000000)
  eden space 155136K, 100% used [0x00000000e0000000,0x00000000e9780000,0x00000000e9780000)
  from space 16384K, 0% used [0x00000000ea980000,0x00000000ea980000,0x00000000eb980000)
  to   space 18432K, 0% used [0x00000000e9780000,0x00000000e9780000,0x00000000ea980000)
 ParOldGen       total 148480K, used 36667K [0x00000000a0000000, 0x00000000a9100000, 0x00000000e0000000)
  object space 148480K, 24% used [0x00000000a0000000,0x00000000a23ceca0,0x00000000a9100000)
 Metaspace       used 61859K, capacity 64540K, committed 64728K, reserved 1105920K
  class space    used 8604K, capacity 9154K, committed 9176K, reserved 1048576K
Event: 9.031 GC heap after
Heap after GC invocations=16 (full 3):
 PSYoungGen      total 173568K, used 13320K [0x00000000e0000000, 0x00000000ed380000, 0x0000000100000000)
  eden space 155136K, 0% used [0x00000000e0000000,0x00000000e0000000,0x00000000e9780000)
  from space 18432K, 72% used [0x00000000e9780000,0x00000000ea482118,0x00000000ea980000)
  to   space 18944K, 0% used [0x00000000ec100000,0x00000000ec100000,0x00000000ed380000)
 ParOldGen       total 148480K, used 36675K [0x00000000a0000000, 0x00000000a9100000, 0x00000000e0000000)
  object space 148480K, 24% used [0x00000000a0000000,0x00000000a23d0ca0,0x00000000a9100000)
 Metaspace       used 61859K, capacity 64540K, committed 64728K, reserved 1105920K
  class space    used 8604K, capacity 9154K, committed 9176K, reserved 1048576K
}
Event: 10.799 GC heap before
{Heap before GC invocations=17 (full 3):
 PSYoungGen      total 173568K, used 168456K [0x00000000e0000000, 0x00000000ed380000, 0x0000000100000000)
  eden space 155136K, 100% used [0x00000000e0000000,0x00000000e9780000,0x00000000e9780000)
  from space 18432K, 72% used [0x00000000e9780000,0x00000000ea482118,0x00000000ea980000)
  to   space 18944K, 0% used [0x00000000ec100000,0x00000000ec100000,0x00000000ed380000)
 ParOldGen       total 148480K, used 36675K [0x00000000a0000000, 0x00000000a9100000, 0x00000000e0000000)
  object space 148480K, 24% used [0x00000000a0000000,0x00000000a23d0ca0,0x00000000a9100000)
 Metaspace       used 73158K, capacity 76746K, committed 77016K, reserved 1116160K
  class space    used 10237K, capacity 10937K, committed 10968K, reserved 1048576K
Event: 10.827 GC heap after
Heap after GC invocations=17 (full 3):
 PSYoungGen      total 184320K, used 18913K [0x00000000e0000000, 0x00000000eee80000, 0x0000000100000000)
  eden space 165376K, 0% used [0x00000000e0000000,0x00000000e0000000,0x00000000ea180000)
  from space 18944K, 99% used [0x00000000ec100000,0x00000000ed3786b0,0x00000000ed380000)
  to   space 32256K, 0% used [0x00000000ea180000,0x00000000ea180000,0x00000000ec100000)
 ParOldGen       total 148480K, used 65513K [0x00000000a0000000, 0x00000000a9100000, 0x00000000e0000000)
  object space 148480K, 44% used [0x00000000a0000000,0x00000000a3ffa570,0x00000000a9100000)
 Metaspace       used 73158K, capacity 76746K, committed 77016K, reserved 1116160K
  class space    used 10237K, capacity 10937K, committed 10968K, reserved 1048576K
}

