# JRE version: OpenJDK Runtime Environment (8.0_212-b04) (build 1.8.0_212-release-1586-b04)
# Java VM: OpenJDK 64-Bit Server VM (25.212-b04 mixed mode windows-amd64 compressed oops)
Heap:
 PSYoungGen      total 252928K, used 169618K [0x00000000e0000000, 0x00000000f2e80000, 0x0000000100000000)
  eden space 196096K, 61% used [0x00000000e0000000,0x00000000e7508718,0x00000000ebf80000)
  from space 56832K, 87% used [0x00000000ebf80000,0x00000000ef01c3f0,0x00000000ef700000)
  to   space 56832K, 0% used [0x00000000ef700000,0x00000000ef700000,0x00000000f2e80000)
 ParOldGen       total 161792K, used 96158K [0x00000000a0000000, 0x00000000a9e00000, 0x00000000e0000000)
  object space 161792K, 59% used [0x00000000a0000000,0x00000000a5de79f8,0x00000000a9e00000)
 Metaspace       used 83730K, capacity 87822K, committed 87976K, reserved 1124352K
  class space    used 11286K, capacity 12097K, committed 12200K, reserved 1048576K
GC Heap History (10 events):
Event: 16.928 GC heap before
{Heap before GC invocations=18 (full 3):
 PSYoungGen      total 171008K, used 170995K [0x00000000e0000000, 0x00000000ed280000, 0x0000000100000000)
  eden space 150016K, 100% used [0x00000000e0000000,0x00000000e9280000,0x00000000e9280000)
  from space 20992K, 99% used [0x00000000eae80000,0x00000000ec2fcc58,0x00000000ec300000)
  to   space 28672K, 0% used [0x00000000e9280000,0x00000000e9280000,0x00000000eae80000)
 ParOldGen       total 161792K, used 51066K [0x00000000a0000000, 0x00000000a9e00000, 0x00000000e0000000)
  object space 161792K, 31% used [0x00000000a0000000,0x00000000a31deb10,0x00000000a9e00000)
 Metaspace       used 73391K, capacity 76938K, committed 77096K, reserved 1116160K
  class space    used 10222K, capacity 10935K, committed 11048K, reserved 1048576K
Event: 17.009 GC heap after
Heap after GC invocations=18 (full 3):
 PSYoungGen      total 178688K, used 28671K [0x00000000e0000000, 0x00000000f0800000, 0x0000000100000000)
  eden space 150016K, 0% used [0x00000000e0000000,0x00000000e0000000,0x00000000e9280000)
  from space 28672K, 99% used [0x00000000e9280000,0x00000000eae7fe18,0x00000000eae80000)
  to   space 45568K, 0% used [0x00000000edb80000,0x00000000edb80000,0x00000000f0800000)
 ParOldGen       total 161792K, used 85448K [0x00000000a0000000, 0x00000000a9e00000, 0x00000000e0000000)
  object space 161792K, 52% used [0x00000000a0000000,0x00000000a5372230,0x00000000a9e00000)
 Metaspace       used 73391K, capacity 76938K, committed 77096K, reserved 1116160K
  class space    used 10222K, capacity 10935K, committed 11048K, reserved 1048576K
}
Event: 19.646 GC heap before
{Heap before GC invocations=19 (full 3):
 PSYoungGen      total 178688K, used 178687K [0x00000000e0000000, 0x00000000f0800000, 0x0000000100000000)
  eden space 150016K, 100% used [0x00000000e0000000,0x00000000e9280000,0x00000000e9280000)
  from space 28672K, 99% used [0x00000000e9280000,0x00000000eae7fe18,0x00000000eae80000)
  to   space 45568K, 0% used [0x00000000edb80000,0x00000000edb80000,0x00000000f0800000)
 ParOldGen       total 161792K, used 85448K [0x00000000a0000000, 0x00000000a9e00000, 0x00000000e0000000)
  object space 161792K, 52% used [0x00000000a0000000,0x00000000a5372230,0x00000000a9e00000)
 Metaspace       used 81313K, capacity 85188K, committed 85288K, reserved 1122304K
  class space    used 11201K, capacity 11984K, committed 12072K, reserved 1048576K
Event: 19.719 GC heap after
Heap after GC invocations=19 (full 3):
 PSYoungGen      total 220160K, used 37039K [0x00000000e0000000, 0x00000000f1280000, 0x0000000100000000)
  eden space 174592K, 0% used [0x00000000e0000000,0x00000000e0000000,0x00000000eaa80000)
  from space 45568K, 81% used [0x00000000edb80000,0x00000000effabe98,0x00000000f0800000)
  to   space 50176K, 0% used [0x00000000eaa80000,0x00000000eaa80000,0x00000000edb80000)
 ParOldGen       total 161792K, used 85456K [0x00000000a0000000, 0x00000000a9e00000, 0x00000000e0000000)
  object space 161792K, 52% used [0x00000000a0000000,0x00000000a5374230,0x00000000a9e00000)
 Metaspace       used 81313K, capacity 85188K, committed 85288K, reserved 1122304K
  class space    used 11201K, capacity 11984K, committed 12072K, reserved 1048576K
}
Event: 142.338 GC heap before
{Heap before GC invocations=20 (full 3):
 PSYoungGen      total 220160K, used 211631K [0x00000000e0000000, 0x00000000f1280000, 0x0000000100000000)
  eden space 174592K, 100% used [0x00000000e0000000,0x00000000eaa80000,0x00000000eaa80000)
  from space 45568K, 81% used [0x00000000edb80000,0x00000000effabe98,0x00000000f0800000)
  to   space 50176K, 0% used [0x00000000eaa80000,0x00000000eaa80000,0x00000000edb80000)
 ParOldGen       total 161792K, used 85456K [0x00000000a0000000, 0x00000000a9e00000, 0x00000000e0000000)
  object space 161792K, 52% used [0x00000000a0000000,0x00000000a5374230,0x00000000a9e00000)
 Metaspace       used 82824K, capacity 86704K, committed 86824K, reserved 1124352K
  class space    used 11265K, capacity 12064K, committed 12072K, reserved 1048576K
Event: 142.406 GC heap after
Heap after GC invocations=20 (full 3):
 PSYoungGen      total 224768K, used 50147K [0x00000000e0000000, 0x00000000f3080000, 0x0000000100000000)
  eden space 174592K, 0% used [0x00000000e0000000,0x00000000e0000000,0x00000000eaa80000)
  from space 50176K, 99% used [0x00000000eaa80000,0x00000000edb78de8,0x00000000edb80000)
  to   space 58880K, 0% used [0x00000000ef700000,0x00000000ef700000,0x00000000f3080000)
 ParOldGen       total 161792K, used 86301K [0x00000000a0000000, 0x00000000a9e00000, 0x00000000e0000000)
  object space 161792K, 53% used [0x00000000a0000000,0x00000000a5447440,0x00000000a9e00000)
 Metaspace       used 82824K, capacity 86704K, committed 86824K, reserved 1124352K
  class space    used 11265K, capacity 12064K, committed 12072K, reserved 1048576K
}
Event: 144.341 GC heap before
{Heap before GC invocations=21 (full 3):
 PSYoungGen      total 224768K, used 224739K [0x00000000e0000000, 0x00000000f3080000, 0x0000000100000000)
  eden space 174592K, 100% used [0x00000000e0000000,0x00000000eaa80000,0x00000000eaa80000)
  from space 50176K, 99% used [0x00000000eaa80000,0x00000000edb78de8,0x00000000edb80000)
  to   space 58880K, 0% used [0x00000000ef700000,0x00000000ef700000,0x00000000f3080000)
 ParOldGen       total 161792K, used 86301K [0x00000000a0000000, 0x00000000a9e00000, 0x00000000e0000000)
  object space 161792K, 53% used [0x00000000a0000000,0x00000000a5447440,0x00000000a9e00000)
 Metaspace       used 82898K, capacity 86838K, committed 87080K, reserved 1124352K
  class space    used 11265K, capacity 12065K, committed 12072K, reserved 1048576K
Event: 144.391 GC heap after
Heap after GC invocations=21 (full 3):
 PSYoungGen      total 252928K, used 27941K [0x00000000e0000000, 0x00000000f2e80000, 0x0000000100000000)
  eden space 196096K, 0% used [0x00000000e0000000,0x00000000e0000000,0x00000000ebf80000)
  from space 56832K, 49% used [0x00000000ef700000,0x00000000f1249720,0x00000000f2e80000)
  to   space 56832K, 0% used [0x00000000ebf80000,0x00000000ebf80000,0x00000000ef700000)
 ParOldGen       total 161792K, used 96150K [0x00000000a0000000, 0x00000000a9e00000, 0x00000000e0000000)
  object space 161792K, 59% used [0x00000000a0000000,0x00000000a5de59f8,0x00000000a9e00000)
 Metaspace       used 82898K, capacity 86838K, committed 87080K, reserved 1124352K
  class space    used 11265K, capacity 12065K, committed 12072K, reserved 1048576K
}
Event: 1032.237 GC heap before
{Heap before GC invocations=22 (full 3):
 PSYoungGen      total 252928K, used 224037K [0x00000000e0000000, 0x00000000f2e80000, 0x0000000100000000)
  eden space 196096K, 100% used [0x00000000e0000000,0x00000000ebf80000,0x00000000ebf80000)
  from space 56832K, 49% used [0x00000000ef700000,0x00000000f1249720,0x00000000f2e80000)
  to   space 56832K, 0% used [0x00000000ebf80000,0x00000000ebf80000,0x00000000ef700000)
 ParOldGen       total 161792K, used 96150K [0x00000000a0000000, 0x00000000a9e00000, 0x00000000e0000000)
  object space 161792K, 59% used [0x00000000a0000000,0x00000000a5de59f8,0x00000000a9e00000)
 Metaspace       used 83724K, capacity 87818K, committed 87976K, reserved 1124352K
  class space    used 11286K, capacity 12097K, committed 12200K, reserved 1048576K
Event: 1032.275 GC heap after
Heap after GC invocations=22 (full 3):
 PSYoungGen      total 252928K, used 49776K [0x00000000e0000000, 0x00000000f2e80000, 0x0000000100000000)
  eden space 196096K, 0% used [0x00000000e0000000,0x00000000e0000000,0x00000000ebf80000)
  from space 56832K, 87% used [0x00000000ebf80000,0x00000000ef01c3f0,0x00000000ef700000)
  to   space 56832K, 0% used [0x00000000ef700000,0x00000000ef700000,0x00000000f2e80000)
 ParOldGen       total 161792K, used 96158K [0x00000000a0000000, 0x00000000a9e00000, 0x00000000e0000000)
  object space 161792K, 59% used [0x00000000a0000000,0x00000000a5de79f8,0x00000000a9e00000)
 Metaspace       used 83724K, capacity 87818K, committed 87976K, reserved 1124352K
  class space    used 11286K, capacity 12097K, committed 12200K, reserved 1048576K
}

