# JRE version: OpenJDK Runtime Environment (8.0_212-b04) (build 1.8.0_212-release-1586-b04)
# Java VM: OpenJDK 64-Bit Server VM (25.212-b04 mixed mode windows-amd64 compressed oops)
Heap:
 PSYoungGen      total 238592K, used 169856K [0x00000000e0000000, 0x00000000f2c00000, 0x0000000100000000)
  eden space 188928K, 89% used [0x00000000e0000000,0x00000000ea5e00f8,0x00000000eb880000)
  from space 49664K, 0% used [0x00000000eb880000,0x00000000eb880000,0x00000000ee900000)
  to   space 47616K, 0% used [0x00000000efd80000,0x00000000efd80000,0x00000000f2c00000)
 ParOldGen       total 232960K, used 63766K [0x00000000a0000000, 0x00000000ae380000, 0x00000000e0000000)
  object space 232960K, 27% used [0x00000000a0000000,0x00000000a3e459d0,0x00000000ae380000)
 Metaspace       used 93631K, capacity 97281K, committed 99624K, reserved 1134592K
  class space    used 12281K, capacity 13009K, committed 13616K, reserved 1048576K
GC Heap History (10 events):
Event: 213.659 GC heap before
{Heap before GC invocations=19 (full 3):
 PSYoungGen      total 197120K, used 196758K [0x00000000e0000000, 0x00000000ee080000, 0x0000000100000000)
  eden space 175616K, 100% used [0x00000000e0000000,0x00000000eab80000,0x00000000eab80000)
  from space 21504K, 98% used [0x00000000eb100000,0x00000000ec5a5af8,0x00000000ec600000)
  to   space 27136K, 0% used [0x00000000ec600000,0x00000000ec600000,0x00000000ee080000)
 ParOldGen       total 148480K, used 55702K [0x00000000a0000000, 0x00000000a9100000, 0x00000000e0000000)
  object space 148480K, 37% used [0x00000000a0000000,0x00000000a3665a40,0x00000000a9100000)
 Metaspace       used 89065K, capacity 93598K, committed 93864K, reserved 1130496K
  class space    used 11854K, capacity 12659K, committed 12720K, reserved 1048576K
Event: 213.685 GC heap after
Heap after GC invocations=19 (full 3):
 PSYoungGen      total 194560K, used 27107K [0x00000000e0000000, 0x00000000f0800000, 0x0000000100000000)
  eden space 167424K, 0% used [0x00000000e0000000,0x00000000e0000000,0x00000000ea380000)
  from space 27136K, 99% used [0x00000000ec600000,0x00000000ee078e90,0x00000000ee080000)
  to   space 35328K, 0% used [0x00000000ea380000,0x00000000ea380000,0x00000000ec600000)
 ParOldGen       total 148480K, used 66872K [0x00000000a0000000, 0x00000000a9100000, 0x00000000e0000000)
  object space 148480K, 45% used [0x00000000a0000000,0x00000000a414e228,0x00000000a9100000)
 Metaspace       used 89065K, capacity 93598K, committed 93864K, reserved 1130496K
  class space    used 11854K, capacity 12659K, committed 12720K, reserved 1048576K
}
Event: 214.825 GC heap before
{Heap before GC invocations=20 (full 3):
 PSYoungGen      total 194560K, used 194531K [0x00000000e0000000, 0x00000000f0800000, 0x0000000100000000)
  eden space 167424K, 100% used [0x00000000e0000000,0x00000000ea380000,0x00000000ea380000)
  from space 27136K, 99% used [0x00000000ec600000,0x00000000ee078e90,0x00000000ee080000)
  to   space 35328K, 0% used [0x00000000ea380000,0x00000000ea380000,0x00000000ec600000)
 ParOldGen       total 148480K, used 66872K [0x00000000a0000000, 0x00000000a9100000, 0x00000000e0000000)
  object space 148480K, 45% used [0x00000000a0000000,0x00000000a414e228,0x00000000a9100000)
 Metaspace       used 90279K, capacity 94948K, committed 95144K, reserved 1132544K
  class space    used 12021K, capacity 12906K, committed 12976K, reserved 1048576K
Event: 214.864 GC heap after
Heap after GC invocations=20 (full 3):
 PSYoungGen      total 202752K, used 35309K [0x00000000e0000000, 0x00000000f2200000, 0x0000000100000000)
  eden space 167424K, 0% used [0x00000000e0000000,0x00000000e0000000,0x00000000ea380000)
  from space 35328K, 99% used [0x00000000ea380000,0x00000000ec5fb780,0x00000000ec600000)
  to   space 52224K, 0% used [0x00000000eef00000,0x00000000eef00000,0x00000000f2200000)
 ParOldGen       total 148480K, used 97610K [0x00000000a0000000, 0x00000000a9100000, 0x00000000e0000000)
  object space 148480K, 65% used [0x00000000a0000000,0x00000000a5f52b88,0x00000000a9100000)
 Metaspace       used 90279K, capacity 94948K, committed 95144K, reserved 1132544K
  class space    used 12021K, capacity 12906K, committed 12976K, reserved 1048576K
}
Event: 237.700 GC heap before
{Heap before GC invocations=21 (full 3):
 PSYoungGen      total 202752K, used 202733K [0x00000000e0000000, 0x00000000f2200000, 0x0000000100000000)
  eden space 167424K, 100% used [0x00000000e0000000,0x00000000ea380000,0x00000000ea380000)
  from space 35328K, 99% used [0x00000000ea380000,0x00000000ec5fb780,0x00000000ec600000)
  to   space 52224K, 0% used [0x00000000eef00000,0x00000000eef00000,0x00000000f2200000)
 ParOldGen       total 148480K, used 97610K [0x00000000a0000000, 0x00000000a9100000, 0x00000000e0000000)
  object space 148480K, 65% used [0x00000000a0000000,0x00000000a5f52b88,0x00000000a9100000)
 Metaspace       used 92301K, capacity 97292K, committed 97448K, reserved 1134592K
  class space    used 12259K, capacity 13184K, committed 13232K, reserved 1048576K
Event: 237.725 GC heap after
Heap after GC invocations=21 (full 3):
 PSYoungGen      total 232448K, used 17464K [0x00000000e0000000, 0x00000000f1980000, 0x0000000100000000)
  eden space 188928K, 0% used [0x00000000e0000000,0x00000000e0000000,0x00000000eb880000)
  from space 43520K, 40% used [0x00000000eef00000,0x00000000f000e130,0x00000000f1980000)
  to   space 49664K, 0% used [0x00000000eb880000,0x00000000eb880000,0x00000000ee900000)
 ParOldGen       total 148480K, used 116636K [0x00000000a0000000, 0x00000000a9100000, 0x00000000e0000000)
  object space 148480K, 78% used [0x00000000a0000000,0x00000000a71e7288,0x00000000a9100000)
 Metaspace       used 92301K, capacity 97292K, committed 97448K, reserved 1134592K
  class space    used 12259K, capacity 13184K, committed 13232K, reserved 1048576K
}
Event: 238.627 GC heap before
{Heap before GC invocations=22 (full 3):
 PSYoungGen      total 232448K, used 81158K [0x00000000e0000000, 0x00000000f1980000, 0x0000000100000000)
  eden space 188928K, 33% used [0x00000000e0000000,0x00000000e3e33978,0x00000000eb880000)
  from space 43520K, 40% used [0x00000000eef00000,0x00000000f000e130,0x00000000f1980000)
  to   space 49664K, 0% used [0x00000000eb880000,0x00000000eb880000,0x00000000ee900000)
 ParOldGen       total 148480K, used 116636K [0x00000000a0000000, 0x00000000a9100000, 0x00000000e0000000)
  object space 148480K, 78% used [0x00000000a0000000,0x00000000a71e7288,0x00000000a9100000)
 Metaspace       used 93286K, capacity 98365K, committed 98600K, reserved 1134592K
  class space    used 12432K, capacity 13360K, committed 13360K, reserved 1048576K
Event: 238.634 GC heap after
Heap after GC invocations=22 (full 3):
 PSYoungGen      total 238592K, used 13254K [0x00000000e0000000, 0x00000000f2c00000, 0x0000000100000000)
  eden space 188928K, 0% used [0x00000000e0000000,0x00000000e0000000,0x00000000eb880000)
  from space 49664K, 26% used [0x00000000eb880000,0x00000000ec571aa8,0x00000000ee900000)
  to   space 47616K, 0% used [0x00000000efd80000,0x00000000efd80000,0x00000000f2c00000)
 ParOldGen       total 148480K, used 116644K [0x00000000a0000000, 0x00000000a9100000, 0x00000000e0000000)
  object space 148480K, 78% used [0x00000000a0000000,0x00000000a71e9288,0x00000000a9100000)
 Metaspace       used 93286K, capacity 98365K, committed 98600K, reserved 1134592K
  class space    used 12432K, capacity 13360K, committed 13360K, reserved 1048576K
}
Event: 238.634 GC heap before
{Heap before GC invocations=23 (full 4):
 PSYoungGen      total 238592K, used 13254K [0x00000000e0000000, 0x00000000f2c00000, 0x0000000100000000)
  eden space 188928K, 0% used [0x00000000e0000000,0x00000000e0000000,0x00000000eb880000)
  from space 49664K, 26% used [0x00000000eb880000,0x00000000ec571aa8,0x00000000ee900000)
  to   space 47616K, 0% used [0x00000000efd80000,0x00000000efd80000,0x00000000f2c00000)
 ParOldGen       total 148480K, used 116644K [0x00000000a0000000, 0x00000000a9100000, 0x00000000e0000000)
  object space 148480K, 78% used [0x00000000a0000000,0x00000000a71e9288,0x00000000a9100000)
 Metaspace       used 93286K, capacity 98365K, committed 98600K, reserved 1134592K
  class space    used 12432K, capacity 13360K, committed 13360K, reserved 1048576K
Event: 238.777 GC heap after
Heap after GC invocations=23 (full 4):
 PSYoungGen      total 238592K, used 0K [0x00000000e0000000, 0x00000000f2c00000, 0x0000000100000000)
  eden space 188928K, 0% used [0x00000000e0000000,0x00000000e0000000,0x00000000eb880000)
  from space 49664K, 0% used [0x00000000eb880000,0x00000000eb880000,0x00000000ee900000)
  to   space 47616K, 0% used [0x00000000efd80000,0x00000000efd80000,0x00000000f2c00000)
 ParOldGen       total 232960K, used 63766K [0x00000000a0000000, 0x00000000ae380000, 0x00000000e0000000)
  object space 232960K, 27% used [0x00000000a0000000,0x00000000a3e459d0,0x00000000ae380000)
 Metaspace       used 92339K, capacity 95759K, committed 98600K, reserved 1134592K
  class space    used 12109K, capacity 12795K, committed 13360K, reserved 1048576K
}

