# JRE version: OpenJDK Runtime Environment (8.0_212-b04) (build 1.8.0_212-release-1586-b04)
# Java VM: OpenJDK 64-Bit Server VM (25.212-b04 mixed mode windows-amd64 compressed oops)
Heap:
 PSYoungGen      total 188928K, used 58168K [0x00000000e0000000, 0x00000000ef900000, 0x0000000100000000)
  eden space 152064K, 24% used [0x00000000e0000000,0x00000000e24c9b18,0x00000000e9480000)
  from space 36864K, 55% used [0x00000000e9480000,0x00000000ea884598,0x00000000eb880000)
  to   space 36864K, 0% used [0x00000000ed500000,0x00000000ed500000,0x00000000ef900000)
 ParOldGen       total 157696K, used 81407K [0x00000000a0000000, 0x00000000a9a00000, 0x00000000e0000000)
  object space 157696K, 51% used [0x00000000a0000000,0x00000000a4f7fd08,0x00000000a9a00000)
 Metaspace       used 70694K, capacity 74194K, committed 74328K, reserved 1114112K
  class space    used 9904K, capacity 10563K, committed 10584K, reserved 1048576K
GC Heap History (10 events):
Event: 7.305 GC heap before
{Heap before GC invocations=14 (full 2):
 PSYoungGen      total 137728K, used 99177K [0x00000000e0000000, 0x00000000eb480000, 0x0000000100000000)
  eden space 123392K, 68% used [0x00000000e0000000,0x00000000e52ded78,0x00000000e7880000)
  from space 14336K, 99% used [0x00000000e7880000,0x00000000e867b8d8,0x00000000e8680000)
  to   space 17920K, 0% used [0x00000000ea300000,0x00000000ea300000,0x00000000eb480000)
 ParOldGen       total 101888K, used 22919K [0x00000000a0000000, 0x00000000a6380000, 0x00000000e0000000)
  object space 101888K, 22% used [0x00000000a0000000,0x00000000a1661ed8,0x00000000a6380000)
 Metaspace       used 57207K, capacity 59056K, committed 59096K, reserved 1099776K
  class space    used 7897K, capacity 8380K, committed 8408K, reserved 1048576K
Event: 7.326 GC heap after
Heap after GC invocations=14 (full 2):
 PSYoungGen      total 162816K, used 17892K [0x00000000e0000000, 0x00000000ec200000, 0x0000000100000000)
  eden space 144896K, 0% used [0x00000000e0000000,0x00000000e0000000,0x00000000e8d80000)
  from space 17920K, 99% used [0x00000000ea300000,0x00000000eb479330,0x00000000eb480000)
  to   space 22016K, 0% used [0x00000000e8d80000,0x00000000e8d80000,0x00000000ea300000)
 ParOldGen       total 101888K, used 28122K [0x00000000a0000000, 0x00000000a6380000, 0x00000000e0000000)
  object space 101888K, 27% used [0x00000000a0000000,0x00000000a1b76aa0,0x00000000a6380000)
 Metaspace       used 57207K, capacity 59056K, committed 59096K, reserved 1099776K
  class space    used 7897K, capacity 8380K, committed 8408K, reserved 1048576K
}
Event: 7.326 GC heap before
{Heap before GC invocations=15 (full 3):
 PSYoungGen      total 162816K, used 17892K [0x00000000e0000000, 0x00000000ec200000, 0x0000000100000000)
  eden space 144896K, 0% used [0x00000000e0000000,0x00000000e0000000,0x00000000e8d80000)
  from space 17920K, 99% used [0x00000000ea300000,0x00000000eb479330,0x00000000eb480000)
  to   space 22016K, 0% used [0x00000000e8d80000,0x00000000e8d80000,0x00000000ea300000)
 ParOldGen       total 101888K, used 28122K [0x00000000a0000000, 0x00000000a6380000, 0x00000000e0000000)
  object space 101888K, 27% used [0x00000000a0000000,0x00000000a1b76aa0,0x00000000a6380000)
 Metaspace       used 57207K, capacity 59056K, committed 59096K, reserved 1099776K
  class space    used 7897K, capacity 8380K, committed 8408K, reserved 1048576K
Event: 7.564 GC heap after
Heap after GC invocations=15 (full 3):
 PSYoungGen      total 162816K, used 0K [0x00000000e0000000, 0x00000000ec200000, 0x0000000100000000)
  eden space 144896K, 0% used [0x00000000e0000000,0x00000000e0000000,0x00000000e8d80000)
  from space 17920K, 0% used [0x00000000ea300000,0x00000000ea300000,0x00000000eb480000)
  to   space 22016K, 0% used [0x00000000e8d80000,0x00000000e8d80000,0x00000000ea300000)
 ParOldGen       total 157696K, used 37744K [0x00000000a0000000, 0x00000000a9a00000, 0x00000000e0000000)
  object space 157696K, 23% used [0x00000000a0000000,0x00000000a24dc250,0x00000000a9a00000)
 Metaspace       used 57207K, capacity 59056K, committed 59096K, reserved 1099776K
  class space    used 7897K, capacity 8380K, committed 8408K, reserved 1048576K
}
Event: 8.672 GC heap before
{Heap before GC invocations=16 (full 3):
 PSYoungGen      total 162816K, used 144896K [0x00000000e0000000, 0x00000000ec200000, 0x0000000100000000)
  eden space 144896K, 100% used [0x00000000e0000000,0x00000000e8d80000,0x00000000e8d80000)
  from space 17920K, 0% used [0x00000000ea300000,0x00000000ea300000,0x00000000eb480000)
  to   space 22016K, 0% used [0x00000000e8d80000,0x00000000e8d80000,0x00000000ea300000)
 ParOldGen       total 157696K, used 37744K [0x00000000a0000000, 0x00000000a9a00000, 0x00000000e0000000)
  object space 157696K, 23% used [0x00000000a0000000,0x00000000a24dc250,0x00000000a9a00000)
 Metaspace       used 59628K, capacity 62270K, committed 62296K, reserved 1103872K
  class space    used 8243K, capacity 8777K, committed 8792K, reserved 1048576K
Event: 8.683 GC heap after
Heap after GC invocations=16 (full 3):
 PSYoungGen      total 166912K, used 10551K [0x00000000e0000000, 0x00000000ecd00000, 0x0000000100000000)
  eden space 144896K, 0% used [0x00000000e0000000,0x00000000e0000000,0x00000000e8d80000)
  from space 22016K, 47% used [0x00000000e8d80000,0x00000000e97cdf30,0x00000000ea300000)
  to   space 20992K, 0% used [0x00000000eb880000,0x00000000eb880000,0x00000000ecd00000)
 ParOldGen       total 157696K, used 37752K [0x00000000a0000000, 0x00000000a9a00000, 0x00000000e0000000)
  object space 157696K, 23% used [0x00000000a0000000,0x00000000a24de250,0x00000000a9a00000)
 Metaspace       used 59628K, capacity 62270K, committed 62296K, reserved 1103872K
  class space    used 8243K, capacity 8777K, committed 8792K, reserved 1048576K
}
Event: 9.860 GC heap before
{Heap before GC invocations=17 (full 3):
 PSYoungGen      total 166912K, used 155283K [0x00000000e0000000, 0x00000000ecd00000, 0x0000000100000000)
  eden space 144896K, 99% used [0x00000000e0000000,0x00000000e8d57028,0x00000000e8d80000)
  from space 22016K, 47% used [0x00000000e8d80000,0x00000000e97cdf30,0x00000000ea300000)
  to   space 20992K, 0% used [0x00000000eb880000,0x00000000eb880000,0x00000000ecd00000)
 ParOldGen       total 157696K, used 37752K [0x00000000a0000000, 0x00000000a9a00000, 0x00000000e0000000)
  object space 157696K, 23% used [0x00000000a0000000,0x00000000a24de250,0x00000000a9a00000)
 Metaspace       used 65149K, capacity 68282K, committed 68440K, reserved 1107968K
  class space    used 9109K, capacity 9725K, committed 9816K, reserved 1048576K
Event: 9.906 GC heap after
Heap after GC invocations=17 (full 3):
 PSYoungGen      total 173056K, used 20965K [0x00000000e0000000, 0x00000000ef280000, 0x0000000100000000)
  eden space 152064K, 0% used [0x00000000e0000000,0x00000000e0000000,0x00000000e9480000)
  from space 20992K, 99% used [0x00000000eb880000,0x00000000eccf9498,0x00000000ecd00000)
  to   space 36864K, 0% used [0x00000000e9480000,0x00000000e9480000,0x00000000eb880000)
 ParOldGen       total 157696K, used 73550K [0x00000000a0000000, 0x00000000a9a00000, 0x00000000e0000000)
  object space 157696K, 46% used [0x00000000a0000000,0x00000000a47d3818,0x00000000a9a00000)
 Metaspace       used 65149K, capacity 68282K, committed 68440K, reserved 1107968K
  class space    used 9109K, capacity 9725K, committed 9816K, reserved 1048576K
}
Event: 11.421 GC heap before
{Heap before GC invocations=18 (full 3):
 PSYoungGen      total 173056K, used 168930K [0x00000000e0000000, 0x00000000ef280000, 0x0000000100000000)
  eden space 152064K, 97% used [0x00000000e0000000,0x00000000e907f4c0,0x00000000e9480000)
  from space 20992K, 99% used [0x00000000eb880000,0x00000000eccf9498,0x00000000ecd00000)
  to   space 36864K, 0% used [0x00000000e9480000,0x00000000e9480000,0x00000000eb880000)
 ParOldGen       total 157696K, used 73550K [0x00000000a0000000, 0x00000000a9a00000, 0x00000000e0000000)
  object space 157696K, 46% used [0x00000000a0000000,0x00000000a47d3818,0x00000000a9a00000)
 Metaspace       used 69270K, capacity 72758K, committed 72920K, reserved 1112064K
  class space    used 9650K, capacity 10363K, committed 10456K, reserved 1048576K
Event: 11.441 GC heap after
Heap after GC invocations=18 (full 3):
 PSYoungGen      total 188928K, used 20497K [0x00000000e0000000, 0x00000000ef900000, 0x0000000100000000)
  eden space 152064K, 0% used [0x00000000e0000000,0x00000000e0000000,0x00000000e9480000)
  from space 36864K, 55% used [0x00000000e9480000,0x00000000ea884598,0x00000000eb880000)
  to   space 36864K, 0% used [0x00000000ed500000,0x00000000ed500000,0x00000000ef900000)
 ParOldGen       total 157696K, used 81407K [0x00000000a0000000, 0x00000000a9a00000, 0x00000000e0000000)
  object space 157696K, 51% used [0x00000000a0000000,0x00000000a4f7fd08,0x00000000a9a00000)
 Metaspace       used 69270K, capacity 72758K, committed 72920K, reserved 1112064K
  class space    used 9650K, capacity 10363K, committed 10456K, reserved 1048576K
}

