# JRE version: OpenJDK Runtime Environment (8.0_212-b04) (build 1.8.0_212-release-1586-b04)
# Java VM: OpenJDK 64-Bit Server VM (25.212-b04 mixed mode windows-amd64 compressed oops)
Heap:
 PSYoungGen      total 205312K, used 147419K [0x00000000e0000000, 0x00000000ee400000, 0x0000000100000000)
  eden space 180224K, 71% used [0x00000000e0000000,0x00000000e7d308b0,0x00000000eb000000)
  from space 25088K, 76% used [0x00000000ecb80000,0x00000000ede46480,0x00000000ee400000)
  to   space 26624K, 0% used [0x00000000eb000000,0x00000000eb000000,0x00000000eca00000)
 ParOldGen       total 152576K, used 56363K [0x00000000a0000000, 0x00000000a9500000, 0x00000000e0000000)
  object space 152576K, 36% used [0x00000000a0000000,0x00000000a370aed8,0x00000000a9500000)
 Metaspace       used 76727K, capacity 79981K, committed 80168K, reserved 1118208K
  class space    used 10057K, capacity 10764K, committed 10800K, reserved 1048576K
GC Heap History (10 events):
Event: 13.599 GC heap before
{Heap before GC invocations=15 (full 3):
 PSYoungGen      total 166400K, used 15868K [0x00000000e0000000, 0x00000000ec380000, 0x0000000100000000)
  eden space 150528K, 0% used [0x00000000e0000000,0x00000000e0000000,0x00000000e9300000)
  from space 15872K, 99% used [0x00000000ea480000,0x00000000eb3ff398,0x00000000eb400000)
  to   space 17920K, 0% used [0x00000000e9300000,0x00000000e9300000,0x00000000ea480000)
 ParOldGen       total 98304K, used 25046K [0x00000000a0000000, 0x00000000a6000000, 0x00000000e0000000)
  object space 98304K, 25% used [0x00000000a0000000,0x00000000a1875858,0x00000000a6000000)
 Metaspace       used 57144K, capacity 59147K, committed 59160K, reserved 1099776K
  class space    used 7909K, capacity 8368K, committed 8368K, reserved 1048576K
Event: 14.033 GC heap after
Heap after GC invocations=15 (full 3):
 PSYoungGen      total 166400K, used 0K [0x00000000e0000000, 0x00000000ec380000, 0x0000000100000000)
  eden space 150528K, 0% used [0x00000000e0000000,0x00000000e0000000,0x00000000e9300000)
  from space 15872K, 0% used [0x00000000ea480000,0x00000000ea480000,0x00000000eb400000)
  to   space 17920K, 0% used [0x00000000e9300000,0x00000000e9300000,0x00000000ea480000)
 ParOldGen       total 152576K, used 36713K [0x00000000a0000000, 0x00000000a9500000, 0x00000000e0000000)
  object space 152576K, 24% used [0x00000000a0000000,0x00000000a23da440,0x00000000a9500000)
 Metaspace       used 57063K, capacity 58915K, committed 59160K, reserved 1099776K
  class space    used 7884K, capacity 8324K, committed 8368K, reserved 1048576K
}
Event: 16.959 GC heap before
{Heap before GC invocations=16 (full 3):
 PSYoungGen      total 166400K, used 150528K [0x00000000e0000000, 0x00000000ec380000, 0x0000000100000000)
  eden space 150528K, 100% used [0x00000000e0000000,0x00000000e9300000,0x00000000e9300000)
  from space 15872K, 0% used [0x00000000ea480000,0x00000000ea480000,0x00000000eb400000)
  to   space 17920K, 0% used [0x00000000e9300000,0x00000000e9300000,0x00000000ea480000)
 ParOldGen       total 152576K, used 36713K [0x00000000a0000000, 0x00000000a9500000, 0x00000000e0000000)
  object space 152576K, 24% used [0x00000000a0000000,0x00000000a23da440,0x00000000a9500000)
 Metaspace       used 59954K, capacity 62283K, committed 62376K, reserved 1103872K
  class space    used 8265K, capacity 8803K, committed 8880K, reserved 1048576K
Event: 16.970 GC heap after
Heap after GC invocations=16 (full 3):
 PSYoungGen      total 168448K, used 10825K [0x00000000e0000000, 0x00000000ec980000, 0x0000000100000000)
  eden space 150528K, 0% used [0x00000000e0000000,0x00000000e0000000,0x00000000e9300000)
  from space 17920K, 60% used [0x00000000e9300000,0x00000000e9d92438,0x00000000ea480000)
  to   space 17920K, 0% used [0x00000000eb800000,0x00000000eb800000,0x00000000ec980000)
 ParOldGen       total 152576K, used 36721K [0x00000000a0000000, 0x00000000a9500000, 0x00000000e0000000)
  object space 152576K, 24% used [0x00000000a0000000,0x00000000a23dc440,0x00000000a9500000)
 Metaspace       used 59954K, capacity 62283K, committed 62376K, reserved 1103872K
  class space    used 8265K, capacity 8803K, committed 8880K, reserved 1048576K
}
Event: 21.837 GC heap before
{Heap before GC invocations=17 (full 3):
 PSYoungGen      total 168448K, used 161353K [0x00000000e0000000, 0x00000000ec980000, 0x0000000100000000)
  eden space 150528K, 100% used [0x00000000e0000000,0x00000000e9300000,0x00000000e9300000)
  from space 17920K, 60% used [0x00000000e9300000,0x00000000e9d92438,0x00000000ea480000)
  to   space 17920K, 0% used [0x00000000eb800000,0x00000000eb800000,0x00000000ec980000)
 ParOldGen       total 152576K, used 36721K [0x00000000a0000000, 0x00000000a9500000, 0x00000000e0000000)
  object space 152576K, 24% used [0x00000000a0000000,0x00000000a23dc440,0x00000000a9500000)
 Metaspace       used 64238K, capacity 66691K, committed 66856K, reserved 1107968K
  class space    used 8702K, capacity 9243K, committed 9264K, reserved 1048576K
Event: 21.850 GC heap after
Heap after GC invocations=17 (full 3):
 PSYoungGen      total 183296K, used 13666K [0x00000000e0000000, 0x00000000ec780000, 0x0000000100000000)
  eden space 167424K, 0% used [0x00000000e0000000,0x00000000e0000000,0x00000000ea380000)
  from space 15872K, 86% used [0x00000000eb800000,0x00000000ec558878,0x00000000ec780000)
  to   space 18432K, 0% used [0x00000000ea380000,0x00000000ea380000,0x00000000eb580000)
 ParOldGen       total 152576K, used 36729K [0x00000000a0000000, 0x00000000a9500000, 0x00000000e0000000)
  object space 152576K, 24% used [0x00000000a0000000,0x00000000a23de440,0x00000000a9500000)
 Metaspace       used 64238K, capacity 66691K, committed 66856K, reserved 1107968K
  class space    used 8702K, capacity 9243K, committed 9264K, reserved 1048576K
}
Event: 32.676 GC heap before
{Heap before GC invocations=18 (full 3):
 PSYoungGen      total 183296K, used 181090K [0x00000000e0000000, 0x00000000ec780000, 0x0000000100000000)
  eden space 167424K, 100% used [0x00000000e0000000,0x00000000ea380000,0x00000000ea380000)
  from space 15872K, 86% used [0x00000000eb800000,0x00000000ec558878,0x00000000ec780000)
  to   space 18432K, 0% used [0x00000000ea380000,0x00000000ea380000,0x00000000eb580000)
 ParOldGen       total 152576K, used 36729K [0x00000000a0000000, 0x00000000a9500000, 0x00000000e0000000)
  object space 152576K, 24% used [0x00000000a0000000,0x00000000a23de440,0x00000000a9500000)
 Metaspace       used 69815K, capacity 72611K, committed 72744K, reserved 1112064K
  class space    used 9364K, capacity 9949K, committed 10032K, reserved 1048576K
Event: 32.710 GC heap after
Heap after GC invocations=18 (full 3):
 PSYoungGen      total 185856K, used 18401K [0x00000000e0000000, 0x00000000ee400000, 0x0000000100000000)
  eden space 167424K, 0% used [0x00000000e0000000,0x00000000e0000000,0x00000000ea380000)
  from space 18432K, 99% used [0x00000000ea380000,0x00000000eb5784f0,0x00000000eb580000)
  to   space 25088K, 0% used [0x00000000ecb80000,0x00000000ecb80000,0x00000000ee400000)
 ParOldGen       total 152576K, used 48462K [0x00000000a0000000, 0x00000000a9500000, 0x00000000e0000000)
  object space 152576K, 31% used [0x00000000a0000000,0x00000000a2f53b70,0x00000000a9500000)
 Metaspace       used 69815K, capacity 72611K, committed 72744K, reserved 1112064K
  class space    used 9364K, capacity 9949K, committed 10032K, reserved 1048576K
}
Event: 138.636 GC heap before
{Heap before GC invocations=19 (full 3):
 PSYoungGen      total 185856K, used 185825K [0x00000000e0000000, 0x00000000ee400000, 0x0000000100000000)
  eden space 167424K, 100% used [0x00000000e0000000,0x00000000ea380000,0x00000000ea380000)
  from space 18432K, 99% used [0x00000000ea380000,0x00000000eb5784f0,0x00000000eb580000)
  to   space 25088K, 0% used [0x00000000ecb80000,0x00000000ecb80000,0x00000000ee400000)
 ParOldGen       total 152576K, used 48462K [0x00000000a0000000, 0x00000000a9500000, 0x00000000e0000000)
  object space 152576K, 31% used [0x00000000a0000000,0x00000000a2f53b70,0x00000000a9500000)
 Metaspace       used 74182K, capacity 77275K, committed 77480K, reserved 1116160K
  class space    used 9688K, capacity 10363K, committed 10416K, reserved 1048576K
Event: 138.669 GC heap after
Heap after GC invocations=19 (full 3):
 PSYoungGen      total 205312K, used 19225K [0x00000000e0000000, 0x00000000ee400000, 0x0000000100000000)
  eden space 180224K, 0% used [0x00000000e0000000,0x00000000e0000000,0x00000000eb000000)
  from space 25088K, 76% used [0x00000000ecb80000,0x00000000ede46480,0x00000000ee400000)
  to   space 26624K, 0% used [0x00000000eb000000,0x00000000eb000000,0x00000000eca00000)
 ParOldGen       total 152576K, used 56363K [0x00000000a0000000, 0x00000000a9500000, 0x00000000e0000000)
  object space 152576K, 36% used [0x00000000a0000000,0x00000000a370aed8,0x00000000a9500000)
 Metaspace       used 74182K, capacity 77275K, committed 77480K, reserved 1116160K
  class space    used 9688K, capacity 10363K, committed 10416K, reserved 1048576K
}

