# JRE version: OpenJDK Runtime Environment (8.0_212-b04) (build 1.8.0_212-release-1586-b04)
# Java VM: OpenJDK 64-Bit Server VM (25.212-b04 mixed mode windows-amd64 compressed oops)
Heap:
 PSYoungGen      total 216064K, used 80513K [0x00000000e0000000, 0x00000000ee400000, 0x0000000100000000)
  eden space 199168K, 31% used [0x00000000e0000000,0x00000000e3e27c30,0x00000000ec280000)
  from space 16896K, 99% used [0x00000000ec300000,0x00000000ed378aa8,0x00000000ed380000)
  to   space 11776K, 0% used [0x00000000ed880000,0x00000000ed880000,0x00000000ee400000)
 ParOldGen       total 104448K, used 25459K [0x00000000a0000000, 0x00000000a6600000, 0x00000000e0000000)
  object space 104448K, 24% used [0x00000000a0000000,0x00000000a18dcfa0,0x00000000a6600000)
 Metaspace       used 55691K, capacity 57390K, committed 57640K, reserved 1099776K
  class space    used 7703K, capacity 8141K, committed 8232K, reserved 1048576K
GC Heap History (10 events):
Event: 5.660 GC heap before
{Heap before GC invocations=5 (full 1):
 PSYoungGen      total 138240K, used 5088K [0x00000000e0000000, 0x00000000e8c00000, 0x0000000100000000)
  eden space 133120K, 0% used [0x00000000e0000000,0x00000000e0000000,0x00000000e8200000)
  from space 5120K, 99% used [0x00000000e8700000,0x00000000e8bf8020,0x00000000e8c00000)
  to   space 5120K, 0% used [0x00000000e8200000,0x00000000e8200000,0x00000000e8700000)
 ParOldGen       total 87552K, used 11782K [0x00000000a0000000, 0x00000000a5580000, 0x00000000e0000000)
  object space 87552K, 13% used [0x00000000a0000000,0x00000000a0b818b0,0x00000000a5580000)
 Metaspace       used 20768K, capacity 21152K, committed 21296K, reserved 1067008K
  class space    used 2952K, capacity 3102K, committed 3120K, reserved 1048576K
Event: 5.722 GC heap after
Heap after GC invocations=5 (full 1):
 PSYoungGen      total 138240K, used 0K [0x00000000e0000000, 0x00000000e8c00000, 0x0000000100000000)
  eden space 133120K, 0% used [0x00000000e0000000,0x00000000e0000000,0x00000000e8200000)
  from space 5120K, 0% used [0x00000000e8700000,0x00000000e8700000,0x00000000e8c00000)
  to   space 5120K, 0% used [0x00000000e8200000,0x00000000e8200000,0x00000000e8700000)
 ParOldGen       total 68096K, used 11944K [0x00000000a0000000, 0x00000000a4280000, 0x00000000e0000000)
  object space 68096K, 17% used [0x00000000a0000000,0x00000000a0baa138,0x00000000a4280000)
 Metaspace       used 20768K, capacity 21152K, committed 21296K, reserved 1067008K
  class space    used 2952K, capacity 3102K, committed 3120K, reserved 1048576K
}
Event: 8.128 GC heap before
{Heap before GC invocations=6 (full 1):
 PSYoungGen      total 138240K, used 133120K [0x00000000e0000000, 0x00000000e8c00000, 0x0000000100000000)
  eden space 133120K, 100% used [0x00000000e0000000,0x00000000e8200000,0x00000000e8200000)
  from space 5120K, 0% used [0x00000000e8700000,0x00000000e8700000,0x00000000e8c00000)
  to   space 5120K, 0% used [0x00000000e8200000,0x00000000e8200000,0x00000000e8700000)
 ParOldGen       total 68096K, used 11944K [0x00000000a0000000, 0x00000000a4280000, 0x00000000e0000000)
  object space 68096K, 17% used [0x00000000a0000000,0x00000000a0baa138,0x00000000a4280000)
 Metaspace       used 31524K, capacity 31970K, committed 32176K, reserved 1077248K
  class space    used 4318K, capacity 4464K, committed 4528K, reserved 1048576K
Event: 8.144 GC heap after
Heap after GC invocations=6 (full 1):
 PSYoungGen      total 138240K, used 5104K [0x00000000e0000000, 0x00000000ee880000, 0x0000000100000000)
  eden space 133120K, 0% used [0x00000000e0000000,0x00000000e0000000,0x00000000e8200000)
  from space 5120K, 99% used [0x00000000e8200000,0x00000000e86fc010,0x00000000e8700000)
  to   space 16384K, 0% used [0x00000000ed880000,0x00000000ed880000,0x00000000ee880000)
 ParOldGen       total 68096K, used 18952K [0x00000000a0000000, 0x00000000a4280000, 0x00000000e0000000)
  object space 68096K, 27% used [0x00000000a0000000,0x00000000a12823c8,0x00000000a4280000)
 Metaspace       used 31524K, capacity 31970K, committed 32176K, reserved 1077248K
  class space    used 4318K, capacity 4464K, committed 4528K, reserved 1048576K
}
Event: 11.987 GC heap before
{Heap before GC invocations=7 (full 1):
 PSYoungGen      total 138240K, used 78114K [0x00000000e0000000, 0x00000000ee880000, 0x0000000100000000)
  eden space 133120K, 54% used [0x00000000e0000000,0x00000000e474c818,0x00000000e8200000)
  from space 5120K, 99% used [0x00000000e8200000,0x00000000e86fc010,0x00000000e8700000)
  to   space 16384K, 0% used [0x00000000ed880000,0x00000000ed880000,0x00000000ee880000)
 ParOldGen       total 68096K, used 18952K [0x00000000a0000000, 0x00000000a4280000, 0x00000000e0000000)
  object space 68096K, 27% used [0x00000000a0000000,0x00000000a12823c8,0x00000000a4280000)
 Metaspace       used 34576K, capacity 35390K, committed 35496K, reserved 1079296K
  class space    used 4764K, capacity 4965K, committed 5032K, reserved 1048576K
Event: 12.003 GC heap after
Heap after GC invocations=7 (full 1):
 PSYoungGen      total 210944K, used 11552K [0x00000000e0000000, 0x00000000ee400000, 0x0000000100000000)
  eden space 199168K, 0% used [0x00000000e0000000,0x00000000e0000000,0x00000000ec280000)
  from space 11776K, 98% used [0x00000000ed880000,0x00000000ee3c8320,0x00000000ee400000)
  to   space 16896K, 0% used [0x00000000ec300000,0x00000000ec300000,0x00000000ed380000)
 ParOldGen       total 68096K, used 18960K [0x00000000a0000000, 0x00000000a4280000, 0x00000000e0000000)
  object space 68096K, 27% used [0x00000000a0000000,0x00000000a12843c8,0x00000000a4280000)
 Metaspace       used 34576K, capacity 35390K, committed 35496K, reserved 1079296K
  class space    used 4764K, capacity 4965K, committed 5032K, reserved 1048576K
}
Event: 12.004 GC heap before
{Heap before GC invocations=8 (full 2):
 PSYoungGen      total 210944K, used 11552K [0x00000000e0000000, 0x00000000ee400000, 0x0000000100000000)
  eden space 199168K, 0% used [0x00000000e0000000,0x00000000e0000000,0x00000000ec280000)
  from space 11776K, 98% used [0x00000000ed880000,0x00000000ee3c8320,0x00000000ee400000)
  to   space 16896K, 0% used [0x00000000ec300000,0x00000000ec300000,0x00000000ed380000)
 ParOldGen       total 68096K, used 18960K [0x00000000a0000000, 0x00000000a4280000, 0x00000000e0000000)
  object space 68096K, 27% used [0x00000000a0000000,0x00000000a12843c8,0x00000000a4280000)
 Metaspace       used 34576K, capacity 35390K, committed 35496K, reserved 1079296K
  class space    used 4764K, capacity 4965K, committed 5032K, reserved 1048576K
Event: 12.126 GC heap after
Heap after GC invocations=8 (full 2):
 PSYoungGen      total 210944K, used 0K [0x00000000e0000000, 0x00000000ee400000, 0x0000000100000000)
  eden space 199168K, 0% used [0x00000000e0000000,0x00000000e0000000,0x00000000ec280000)
  from space 11776K, 0% used [0x00000000ed880000,0x00000000ed880000,0x00000000ee400000)
  to   space 16896K, 0% used [0x00000000ec300000,0x00000000ec300000,0x00000000ed380000)
 ParOldGen       total 104448K, used 18293K [0x00000000a0000000, 0x00000000a6600000, 0x00000000e0000000)
  object space 104448K, 17% used [0x00000000a0000000,0x00000000a11dd418,0x00000000a6600000)
 Metaspace       used 34551K, capacity 35306K, committed 35496K, reserved 1079296K
  class space    used 4756K, capacity 4951K, committed 5032K, reserved 1048576K
}
Event: 16.494 GC heap before
{Heap before GC invocations=9 (full 2):
 PSYoungGen      total 210944K, used 199168K [0x00000000e0000000, 0x00000000ee400000, 0x0000000100000000)
  eden space 199168K, 100% used [0x00000000e0000000,0x00000000ec280000,0x00000000ec280000)
  from space 11776K, 0% used [0x00000000ed880000,0x00000000ed880000,0x00000000ee400000)
  to   space 16896K, 0% used [0x00000000ec300000,0x00000000ec300000,0x00000000ed380000)
 ParOldGen       total 104448K, used 18293K [0x00000000a0000000, 0x00000000a6600000, 0x00000000e0000000)
  object space 104448K, 17% used [0x00000000a0000000,0x00000000a11dd418,0x00000000a6600000)
 Metaspace       used 51395K, capacity 52906K, committed 53032K, reserved 1095680K
  class space    used 7028K, capacity 7411K, committed 7464K, reserved 1048576K
Event: 16.529 GC heap after
Heap after GC invocations=9 (full 2):
 PSYoungGen      total 216064K, used 16866K [0x00000000e0000000, 0x00000000ee400000, 0x0000000100000000)
  eden space 199168K, 0% used [0x00000000e0000000,0x00000000e0000000,0x00000000ec280000)
  from space 16896K, 99% used [0x00000000ec300000,0x00000000ed378aa8,0x00000000ed380000)
  to   space 11776K, 0% used [0x00000000ed880000,0x00000000ed880000,0x00000000ee400000)
 ParOldGen       total 104448K, used 25459K [0x00000000a0000000, 0x00000000a6600000, 0x00000000e0000000)
  object space 104448K, 24% used [0x00000000a0000000,0x00000000a18dcfa0,0x00000000a6600000)
 Metaspace       used 51395K, capacity 52906K, committed 53032K, reserved 1095680K
  class space    used 7028K, capacity 7411K, committed 7464K, reserved 1048576K
}

