# JRE version: OpenJDK Runtime Environment (8.0_212-b04) (build 1.8.0_212-release-1586-b04)
# Java VM: OpenJDK 64-Bit Server VM (25.212-b04 mixed mode windows-amd64 compressed oops)
Heap:
 PSYoungGen      total 139776K, used 22589K [0x00000000e0000000, 0x00000000ea100000, 0x0000000100000000)
  eden space 126464K, 7% used [0x00000000e0000000,0x00000000e0957b78,0x00000000e7b80000)
  from space 13312K, 97% used [0x00000000e9400000,0x00000000ea0b7bd0,0x00000000ea100000)
  to   space 14848K, 0% used [0x00000000e8400000,0x00000000e8400000,0x00000000e9280000)
 ParOldGen       total 97280K, used 19128K [0x00000000a0000000, 0x00000000a5f00000, 0x00000000e0000000)
  object space 97280K, 19% used [0x00000000a0000000,0x00000000a12ae1e8,0x00000000a5f00000)
 Metaspace       used 46614K, capacity 47986K, committed 48040K, reserved 1091584K
  class space    used 6219K, capacity 6554K, committed 6568K, reserved 1048576K
GC Heap History (10 events):
Event: 4.100 GC heap before
{Heap before GC invocations=8 (full 1):
 PSYoungGen      total 76288K, used 65536K [0x00000000e0000000, 0x00000000e5800000, 0x0000000100000000)
  eden space 65536K, 100% used [0x00000000e0000000,0x00000000e4000000,0x00000000e4000000)
  from space 10752K, 0% used [0x00000000e4b80000,0x00000000e4b80000,0x00000000e5600000)
  to   space 11776K, 0% used [0x00000000e4000000,0x00000000e4000000,0x00000000e4b80000)
 ParOldGen       total 61952K, used 10144K [0x00000000a0000000, 0x00000000a3c80000, 0x00000000e0000000)
  object space 61952K, 16% used [0x00000000a0000000,0x00000000a09e83d8,0x00000000a3c80000)
 Metaspace       used 28176K, capacity 28724K, committed 28928K, reserved 1075200K
  class space    used 3859K, capacity 4041K, committed 4096K, reserved 1048576K
Event: 4.106 GC heap after
Heap after GC invocations=8 (full 1):
 PSYoungGen      total 77312K, used 7218K [0x00000000e0000000, 0x00000000e7a80000, 0x0000000100000000)
  eden space 65536K, 0% used [0x00000000e0000000,0x00000000e0000000,0x00000000e4000000)
  from space 11776K, 61% used [0x00000000e4000000,0x00000000e470cb88,0x00000000e4b80000)
  to   space 11264K, 0% used [0x00000000e6f80000,0x00000000e6f80000,0x00000000e7a80000)
 ParOldGen       total 61952K, used 10152K [0x00000000a0000000, 0x00000000a3c80000, 0x00000000e0000000)
  object space 61952K, 16% used [0x00000000a0000000,0x00000000a09ea3d8,0x00000000a3c80000)
 Metaspace       used 28176K, capacity 28724K, committed 28928K, reserved 1075200K
  class space    used 3859K, capacity 4041K, committed 4096K, reserved 1048576K
}
Event: 4.747 GC heap before
{Heap before GC invocations=9 (full 1):
 PSYoungGen      total 77312K, used 72754K [0x00000000e0000000, 0x00000000e7a80000, 0x0000000100000000)
  eden space 65536K, 100% used [0x00000000e0000000,0x00000000e4000000,0x00000000e4000000)
  from space 11776K, 61% used [0x00000000e4000000,0x00000000e470cb88,0x00000000e4b80000)
  to   space 11264K, 0% used [0x00000000e6f80000,0x00000000e6f80000,0x00000000e7a80000)
 ParOldGen       total 61952K, used 10152K [0x00000000a0000000, 0x00000000a3c80000, 0x00000000e0000000)
  object space 61952K, 16% used [0x00000000a0000000,0x00000000a09ea3d8,0x00000000a3c80000)
 Metaspace       used 31949K, capacity 32724K, committed 33024K, reserved 1077248K
  class space    used 4320K, capacity 4552K, committed 4608K, reserved 1048576K
Event: 4.755 GC heap after
Heap after GC invocations=9 (full 1):
 PSYoungGen      total 113664K, used 8808K [0x00000000e0000000, 0x00000000e7b80000, 0x0000000100000000)
  eden space 102400K, 0% used [0x00000000e0000000,0x00000000e0000000,0x00000000e6400000)
  from space 11264K, 78% used [0x00000000e6f80000,0x00000000e781a020,0x00000000e7a80000)
  to   space 11776K, 0% used [0x00000000e6400000,0x00000000e6400000,0x00000000e6f80000)
 ParOldGen       total 61952K, used 10160K [0x00000000a0000000, 0x00000000a3c80000, 0x00000000e0000000)
  object space 61952K, 16% used [0x00000000a0000000,0x00000000a09ec3d8,0x00000000a3c80000)
 Metaspace       used 31949K, capacity 32724K, committed 33024K, reserved 1077248K
  class space    used 4320K, capacity 4552K, committed 4608K, reserved 1048576K
}
Event: 5.458 GC heap before
{Heap before GC invocations=10 (full 1):
 PSYoungGen      total 113664K, used 73316K [0x00000000e0000000, 0x00000000e7b80000, 0x0000000100000000)
  eden space 102400K, 62% used [0x00000000e0000000,0x00000000e3eff388,0x00000000e6400000)
  from space 11264K, 78% used [0x00000000e6f80000,0x00000000e781a020,0x00000000e7a80000)
  to   space 11776K, 0% used [0x00000000e6400000,0x00000000e6400000,0x00000000e6f80000)
 ParOldGen       total 61952K, used 10160K [0x00000000a0000000, 0x00000000a3c80000, 0x00000000e0000000)
  object space 61952K, 16% used [0x00000000a0000000,0x00000000a09ec3d8,0x00000000a3c80000)
 Metaspace       used 34709K, capacity 35414K, committed 35496K, reserved 1079296K
  class space    used 4779K, capacity 4994K, committed 5032K, reserved 1048576K
Event: 5.469 GC heap after
Heap after GC invocations=10 (full 1):
 PSYoungGen      total 114176K, used 11627K [0x00000000e0000000, 0x00000000ea100000, 0x0000000100000000)
  eden space 102400K, 0% used [0x00000000e0000000,0x00000000e0000000,0x00000000e6400000)
  from space 11776K, 98% used [0x00000000e6400000,0x00000000e6f5acb8,0x00000000e6f80000)
  to   space 13312K, 0% used [0x00000000e9400000,0x00000000e9400000,0x00000000ea100000)
 ParOldGen       total 61952K, used 10168K [0x00000000a0000000, 0x00000000a3c80000, 0x00000000e0000000)
  object space 61952K, 16% used [0x00000000a0000000,0x00000000a09ee3d8,0x00000000a3c80000)
 Metaspace       used 34709K, capacity 35414K, committed 35496K, reserved 1079296K
  class space    used 4779K, capacity 4994K, committed 5032K, reserved 1048576K
}
Event: 5.469 GC heap before
{Heap before GC invocations=11 (full 2):
 PSYoungGen      total 114176K, used 11627K [0x00000000e0000000, 0x00000000ea100000, 0x0000000100000000)
  eden space 102400K, 0% used [0x00000000e0000000,0x00000000e0000000,0x00000000e6400000)
  from space 11776K, 98% used [0x00000000e6400000,0x00000000e6f5acb8,0x00000000e6f80000)
  to   space 13312K, 0% used [0x00000000e9400000,0x00000000e9400000,0x00000000ea100000)
 ParOldGen       total 61952K, used 10168K [0x00000000a0000000, 0x00000000a3c80000, 0x00000000e0000000)
  object space 61952K, 16% used [0x00000000a0000000,0x00000000a09ee3d8,0x00000000a3c80000)
 Metaspace       used 34709K, capacity 35414K, committed 35496K, reserved 1079296K
  class space    used 4779K, capacity 4994K, committed 5032K, reserved 1048576K
Event: 5.516 GC heap after
Heap after GC invocations=11 (full 2):
 PSYoungGen      total 114176K, used 0K [0x00000000e0000000, 0x00000000ea100000, 0x0000000100000000)
  eden space 102400K, 0% used [0x00000000e0000000,0x00000000e0000000,0x00000000e6400000)
  from space 11776K, 0% used [0x00000000e6400000,0x00000000e6400000,0x00000000e6f80000)
  to   space 13312K, 0% used [0x00000000e9400000,0x00000000e9400000,0x00000000ea100000)
 ParOldGen       total 97280K, used 19120K [0x00000000a0000000, 0x00000000a5f00000, 0x00000000e0000000)
  object space 97280K, 19% used [0x00000000a0000000,0x00000000a12ac1e8,0x00000000a5f00000)
 Metaspace       used 34709K, capacity 35414K, committed 35496K, reserved 1079296K
  class space    used 4779K, capacity 4994K, committed 5032K, reserved 1048576K
}
Event: 7.674 GC heap before
{Heap before GC invocations=12 (full 2):
 PSYoungGen      total 114176K, used 102400K [0x00000000e0000000, 0x00000000ea100000, 0x0000000100000000)
  eden space 102400K, 100% used [0x00000000e0000000,0x00000000e6400000,0x00000000e6400000)
  from space 11776K, 0% used [0x00000000e6400000,0x00000000e6400000,0x00000000e6f80000)
  to   space 13312K, 0% used [0x00000000e9400000,0x00000000e9400000,0x00000000ea100000)
 ParOldGen       total 97280K, used 19120K [0x00000000a0000000, 0x00000000a5f00000, 0x00000000e0000000)
  object space 97280K, 19% used [0x00000000a0000000,0x00000000a12ac1e8,0x00000000a5f00000)
 Metaspace       used 45321K, capacity 46672K, committed 46888K, reserved 1089536K
  class space    used 6049K, capacity 6355K, committed 6440K, reserved 1048576K
Event: 7.684 GC heap after
Heap after GC invocations=12 (full 2):
 PSYoungGen      total 139776K, used 13022K [0x00000000e0000000, 0x00000000ea100000, 0x0000000100000000)
  eden space 126464K, 0% used [0x00000000e0000000,0x00000000e0000000,0x00000000e7b80000)
  from space 13312K, 97% used [0x00000000e9400000,0x00000000ea0b7bd0,0x00000000ea100000)
  to   space 14848K, 0% used [0x00000000e8400000,0x00000000e8400000,0x00000000e9280000)
 ParOldGen       total 97280K, used 19128K [0x00000000a0000000, 0x00000000a5f00000, 0x00000000e0000000)
  object space 97280K, 19% used [0x00000000a0000000,0x00000000a12ae1e8,0x00000000a5f00000)
 Metaspace       used 45321K, capacity 46672K, committed 46888K, reserved 1089536K
  class space    used 6049K, capacity 6355K, committed 6440K, reserved 1048576K
}

