# JRE version: OpenJDK Runtime Environment (8.0_212-b04) (build 1.8.0_212-release-1586-b04)
# Java VM: OpenJDK 64-Bit Server VM (25.212-b04 mixed mode windows-amd64 compressed oops)
Heap:
 PSYoungGen      total 207360K, used 190103K [0x00000000e0000000, 0x00000000f3000000, 0x0000000100000000)
  eden space 182784K, 90% used [0x00000000e0000000,0x00000000ea1aa7a0,0x00000000eb280000)
  from space 24576K, 99% used [0x00000000eb280000,0x00000000eca7b6d0,0x00000000eca80000)
  to   space 44544K, 0% used [0x00000000f0480000,0x00000000f0480000,0x00000000f3000000)
 ParOldGen       total 152576K, used 91754K [0x00000000a0000000, 0x00000000a9500000, 0x00000000e0000000)
  object space 152576K, 60% used [0x00000000a0000000,0x00000000a599a8c8,0x00000000a9500000)
 Metaspace       used 84890K, capacity 88996K, committed 89176K, reserved 1126400K
  class space    used 11483K, capacity 12324K, committed 12376K, reserved 1048576K
GC Heap History (10 events):
Event: 8.194 GC heap before
{Heap before GC invocations=14 (full 2):
 PSYoungGen      total 146944K, used 83973K [0x00000000e0000000, 0x00000000ec400000, 0x0000000100000000)
  eden space 132096K, 52% used [0x00000000e0000000,0x00000000e4383ca0,0x00000000e8100000)
  from space 14848K, 99% used [0x00000000e8100000,0x00000000e8f7da48,0x00000000e8f80000)
  to   space 18944K, 0% used [0x00000000eb180000,0x00000000eb180000,0x00000000ec400000)
 ParOldGen       total 96768K, used 25241K [0x00000000a0000000, 0x00000000a5e80000, 0x00000000e0000000)
  object space 96768K, 26% used [0x00000000a0000000,0x00000000a18a6558,0x00000000a5e80000)
 Metaspace       used 57164K, capacity 59020K, committed 59096K, reserved 1099776K
  class space    used 7891K, capacity 8348K, committed 8408K, reserved 1048576K
Event: 8.209 GC heap after
Heap after GC invocations=14 (full 2):
 PSYoungGen      total 182784K, used 8157K [0x00000000e0000000, 0x00000000ec700000, 0x0000000100000000)
  eden space 163840K, 0% used [0x00000000e0000000,0x00000000e0000000,0x00000000ea000000)
  from space 18944K, 43% used [0x00000000eb180000,0x00000000eb9774e8,0x00000000ec400000)
  to   space 17920K, 0% used [0x00000000ea000000,0x00000000ea000000,0x00000000eb180000)
 ParOldGen       total 96768K, used 39188K [0x00000000a0000000, 0x00000000a5e80000, 0x00000000e0000000)
  object space 96768K, 40% used [0x00000000a0000000,0x00000000a2645360,0x00000000a5e80000)
 Metaspace       used 57164K, capacity 59020K, committed 59096K, reserved 1099776K
  class space    used 7891K, capacity 8348K, committed 8408K, reserved 1048576K
}
Event: 8.209 GC heap before
{Heap before GC invocations=15 (full 3):
 PSYoungGen      total 182784K, used 8157K [0x00000000e0000000, 0x00000000ec700000, 0x0000000100000000)
  eden space 163840K, 0% used [0x00000000e0000000,0x00000000e0000000,0x00000000ea000000)
  from space 18944K, 43% used [0x00000000eb180000,0x00000000eb9774e8,0x00000000ec400000)
  to   space 17920K, 0% used [0x00000000ea000000,0x00000000ea000000,0x00000000eb180000)
 ParOldGen       total 96768K, used 39188K [0x00000000a0000000, 0x00000000a5e80000, 0x00000000e0000000)
  object space 96768K, 40% used [0x00000000a0000000,0x00000000a2645360,0x00000000a5e80000)
 Metaspace       used 57164K, capacity 59020K, committed 59096K, reserved 1099776K
  class space    used 7891K, capacity 8348K, committed 8408K, reserved 1048576K
Event: 8.418 GC heap after
Heap after GC invocations=15 (full 3):
 PSYoungGen      total 182784K, used 0K [0x00000000e0000000, 0x00000000ec700000, 0x0000000100000000)
  eden space 163840K, 0% used [0x00000000e0000000,0x00000000e0000000,0x00000000ea000000)
  from space 18944K, 0% used [0x00000000eb180000,0x00000000eb180000,0x00000000ec400000)
  to   space 17920K, 0% used [0x00000000ea000000,0x00000000ea000000,0x00000000eb180000)
 ParOldGen       total 152576K, used 36528K [0x00000000a0000000, 0x00000000a9500000, 0x00000000e0000000)
  object space 152576K, 23% used [0x00000000a0000000,0x00000000a23ac118,0x00000000a9500000)
 Metaspace       used 57164K, capacity 59020K, committed 59096K, reserved 1099776K
  class space    used 7891K, capacity 8348K, committed 8408K, reserved 1048576K
}
Event: 10.139 GC heap before
{Heap before GC invocations=16 (full 3):
 PSYoungGen      total 182784K, used 163840K [0x00000000e0000000, 0x00000000ec700000, 0x0000000100000000)
  eden space 163840K, 100% used [0x00000000e0000000,0x00000000ea000000,0x00000000ea000000)
  from space 18944K, 0% used [0x00000000eb180000,0x00000000eb180000,0x00000000ec400000)
  to   space 17920K, 0% used [0x00000000ea000000,0x00000000ea000000,0x00000000eb180000)
 ParOldGen       total 152576K, used 36528K [0x00000000a0000000, 0x00000000a9500000, 0x00000000e0000000)
  object space 152576K, 23% used [0x00000000a0000000,0x00000000a23ac118,0x00000000a9500000)
 Metaspace       used 61425K, capacity 64174K, committed 64472K, reserved 1103872K
  class space    used 8498K, capacity 9049K, committed 9176K, reserved 1048576K
Event: 10.148 GC heap after
Heap after GC invocations=16 (full 3):
 PSYoungGen      total 181760K, used 11867K [0x00000000e0000000, 0x00000000edc00000, 0x0000000100000000)
  eden space 163840K, 0% used [0x00000000e0000000,0x00000000e0000000,0x00000000ea000000)
  from space 17920K, 66% used [0x00000000ea000000,0x00000000eab96ff8,0x00000000eb180000)
  to   space 17920K, 0% used [0x00000000eca80000,0x00000000eca80000,0x00000000edc00000)
 ParOldGen       total 152576K, used 36536K [0x00000000a0000000, 0x00000000a9500000, 0x00000000e0000000)
  object space 152576K, 23% used [0x00000000a0000000,0x00000000a23ae118,0x00000000a9500000)
 Metaspace       used 61425K, capacity 64174K, committed 64472K, reserved 1103872K
  class space    used 8498K, capacity 9049K, committed 9176K, reserved 1048576K
}
Event: 17.133 GC heap before
{Heap before GC invocations=17 (full 3):
 PSYoungGen      total 181760K, used 175707K [0x00000000e0000000, 0x00000000edc00000, 0x0000000100000000)
  eden space 163840K, 100% used [0x00000000e0000000,0x00000000ea000000,0x00000000ea000000)
  from space 17920K, 66% used [0x00000000ea000000,0x00000000eab96ff8,0x00000000eb180000)
  to   space 17920K, 0% used [0x00000000eca80000,0x00000000eca80000,0x00000000edc00000)
 ParOldGen       total 152576K, used 36536K [0x00000000a0000000, 0x00000000a9500000, 0x00000000e0000000)
  object space 152576K, 23% used [0x00000000a0000000,0x00000000a23ae118,0x00000000a9500000)
 Metaspace       used 74135K, capacity 77330K, committed 77400K, reserved 1116160K
  class space    used 10153K, capacity 10831K, committed 10840K, reserved 1048576K
Event: 17.157 GC heap after
Heap after GC invocations=17 (full 3):
 PSYoungGen      total 200704K, used 17915K [0x00000000e0000000, 0x00000000ee600000, 0x0000000100000000)
  eden space 182784K, 0% used [0x00000000e0000000,0x00000000e0000000,0x00000000eb280000)
  from space 17920K, 99% used [0x00000000eca80000,0x00000000edbfecc8,0x00000000edc00000)
  to   space 24576K, 0% used [0x00000000eb280000,0x00000000eb280000,0x00000000eca80000)
 ParOldGen       total 152576K, used 48460K [0x00000000a0000000, 0x00000000a9500000, 0x00000000e0000000)
  object space 152576K, 31% used [0x00000000a0000000,0x00000000a2f53248,0x00000000a9500000)
 Metaspace       used 74135K, capacity 77330K, committed 77400K, reserved 1116160K
  class space    used 10153K, capacity 10831K, committed 10840K, reserved 1048576K
}
Event: 18.743 GC heap before
{Heap before GC invocations=18 (full 3):
 PSYoungGen      total 200704K, used 200699K [0x00000000e0000000, 0x00000000ee600000, 0x0000000100000000)
  eden space 182784K, 100% used [0x00000000e0000000,0x00000000eb280000,0x00000000eb280000)
  from space 17920K, 99% used [0x00000000eca80000,0x00000000edbfecc8,0x00000000edc00000)
  to   space 24576K, 0% used [0x00000000eb280000,0x00000000eb280000,0x00000000eca80000)
 ParOldGen       total 152576K, used 48460K [0x00000000a0000000, 0x00000000a9500000, 0x00000000e0000000)
  object space 152576K, 31% used [0x00000000a0000000,0x00000000a2f53248,0x00000000a9500000)
 Metaspace       used 78125K, capacity 81884K, committed 82008K, reserved 1120256K
  class space    used 10758K, capacity 11496K, committed 11608K, reserved 1048576K
Event: 18.811 GC heap after
Heap after GC invocations=18 (full 3):
 PSYoungGen      total 207360K, used 24557K [0x00000000e0000000, 0x00000000f3000000, 0x0000000100000000)
  eden space 182784K, 0% used [0x00000000e0000000,0x00000000e0000000,0x00000000eb280000)
  from space 24576K, 99% used [0x00000000eb280000,0x00000000eca7b6d0,0x00000000eca80000)
  to   space 44544K, 0% used [0x00000000f0480000,0x00000000f0480000,0x00000000f3000000)
 ParOldGen       total 152576K, used 91754K [0x00000000a0000000, 0x00000000a9500000, 0x00000000e0000000)
  object space 152576K, 60% used [0x00000000a0000000,0x00000000a599a8c8,0x00000000a9500000)
 Metaspace       used 78125K, capacity 81884K, committed 82008K, reserved 1120256K
  class space    used 10758K, capacity 11496K, committed 11608K, reserved 1048576K
}

