# JRE version: OpenJDK Runtime Environment (8.0_212-b04) (build 1.8.0_212-release-1586-b04)
# Java VM: OpenJDK 64-Bit Server VM (25.212-b04 mixed mode windows-amd64 compressed oops)
Heap:
 PSYoungGen      total 178688K, used 137102K [0x00000000e0000000, 0x00000000ed600000, 0x0000000100000000)
  eden space 160256K, 77% used [0x00000000e0000000,0x00000000e79fcbe0,0x00000000e9c80000)
  from space 18432K, 66% used [0x00000000e9c80000,0x00000000ea866eb8,0x00000000eae80000)
  to   space 18432K, 0% used [0x00000000ec400000,0x00000000ec400000,0x00000000ed600000)
 ParOldGen       total 149504K, used 36620K [0x00000000a0000000, 0x00000000a9200000, 0x00000000e0000000)
  object space 149504K, 24% used [0x00000000a0000000,0x00000000a23c3108,0x00000000a9200000)
 Metaspace       used 66113K, capacity 69078K, committed 69144K, reserved 1107968K
  class space    used 9143K, capacity 9751K, committed 9752K, reserved 1048576K
GC Heap History (10 events):
Event: 9.295 GC heap before
{Heap before GC invocations=12 (full 2):
 PSYoungGen      total 115712K, used 103936K [0x00000000e0000000, 0x00000000ea200000, 0x0000000100000000)
  eden space 103936K, 100% used [0x00000000e0000000,0x00000000e6580000,0x00000000e6580000)
  from space 11776K, 0% used [0x00000000e6580000,0x00000000e6580000,0x00000000e7100000)
  to   space 12800K, 0% used [0x00000000e9580000,0x00000000e9580000,0x00000000ea200000)
 ParOldGen       total 95232K, used 17599K [0x00000000a0000000, 0x00000000a5d00000, 0x00000000e0000000)
  object space 95232K, 18% used [0x00000000a0000000,0x00000000a112fc30,0x00000000a5d00000)
 Metaspace       used 45063K, capacity 46134K, committed 46376K, reserved 1089536K
  class space    used 6055K, capacity 6347K, committed 6440K, reserved 1048576K
Event: 9.313 GC heap after
Heap after GC invocations=12 (full 2):
 PSYoungGen      total 142848K, used 12793K [0x00000000e0000000, 0x00000000ea200000, 0x0000000100000000)
  eden space 130048K, 0% used [0x00000000e0000000,0x00000000e0000000,0x00000000e7f00000)
  from space 12800K, 99% used [0x00000000e9580000,0x00000000ea1fe5a8,0x00000000ea200000)
  to   space 14848K, 0% used [0x00000000e8500000,0x00000000e8500000,0x00000000e9380000)
 ParOldGen       total 95232K, used 19344K [0x00000000a0000000, 0x00000000a5d00000, 0x00000000e0000000)
  object space 95232K, 20% used [0x00000000a0000000,0x00000000a12e40c8,0x00000000a5d00000)
 Metaspace       used 45063K, capacity 46134K, committed 46376K, reserved 1089536K
  class space    used 6055K, capacity 6347K, committed 6440K, reserved 1048576K
}
Event: 11.325 GC heap before
{Heap before GC invocations=13 (full 2):
 PSYoungGen      total 142848K, used 142841K [0x00000000e0000000, 0x00000000ea200000, 0x0000000100000000)
  eden space 130048K, 100% used [0x00000000e0000000,0x00000000e7f00000,0x00000000e7f00000)
  from space 12800K, 99% used [0x00000000e9580000,0x00000000ea1fe5a8,0x00000000ea200000)
  to   space 14848K, 0% used [0x00000000e8500000,0x00000000e8500000,0x00000000e9380000)
 ParOldGen       total 95232K, used 19344K [0x00000000a0000000, 0x00000000a5d00000, 0x00000000e0000000)
  object space 95232K, 20% used [0x00000000a0000000,0x00000000a12e40c8,0x00000000a5d00000)
 Metaspace       used 53746K, capacity 55440K, committed 55720K, reserved 1097728K
  class space    used 7402K, capacity 7822K, committed 7848K, reserved 1048576K
Event: 11.349 GC heap after
Heap after GC invocations=13 (full 2):
 PSYoungGen      total 151040K, used 13913K [0x00000000e0000000, 0x00000000ebe80000, 0x0000000100000000)
  eden space 136192K, 0% used [0x00000000e0000000,0x00000000e0000000,0x00000000e8500000)
  from space 14848K, 93% used [0x00000000e8500000,0x00000000e92966d0,0x00000000e9380000)
  to   space 16384K, 0% used [0x00000000eae80000,0x00000000eae80000,0x00000000ebe80000)
 ParOldGen       total 95232K, used 25373K [0x00000000a0000000, 0x00000000a5d00000, 0x00000000e0000000)
  object space 95232K, 26% used [0x00000000a0000000,0x00000000a18c76e0,0x00000000a5d00000)
 Metaspace       used 53746K, capacity 55440K, committed 55720K, reserved 1097728K
  class space    used 7402K, capacity 7822K, committed 7848K, reserved 1048576K
}
Event: 12.638 GC heap before
{Heap before GC invocations=14 (full 2):
 PSYoungGen      total 151040K, used 80526K [0x00000000e0000000, 0x00000000ebe80000, 0x0000000100000000)
  eden space 136192K, 48% used [0x00000000e0000000,0x00000000e410d3f0,0x00000000e8500000)
  from space 14848K, 93% used [0x00000000e8500000,0x00000000e92966d0,0x00000000e9380000)
  to   space 16384K, 0% used [0x00000000eae80000,0x00000000eae80000,0x00000000ebe80000)
 ParOldGen       total 95232K, used 25373K [0x00000000a0000000, 0x00000000a5d00000, 0x00000000e0000000)
  object space 95232K, 26% used [0x00000000a0000000,0x00000000a18c76e0,0x00000000a5d00000)
 Metaspace       used 57241K, capacity 59076K, committed 59160K, reserved 1099776K
  class space    used 7909K, capacity 8388K, committed 8472K, reserved 1048576K
Event: 12.658 GC heap after
Heap after GC invocations=14 (full 2):
 PSYoungGen      total 176640K, used 16213K [0x00000000e0000000, 0x00000000eca80000, 0x0000000100000000)
  eden space 160256K, 0% used [0x00000000e0000000,0x00000000e0000000,0x00000000e9c80000)
  from space 16384K, 98% used [0x00000000eae80000,0x00000000ebe55428,0x00000000ebe80000)
  to   space 18432K, 0% used [0x00000000e9c80000,0x00000000e9c80000,0x00000000eae80000)
 ParOldGen       total 95232K, used 25381K [0x00000000a0000000, 0x00000000a5d00000, 0x00000000e0000000)
  object space 95232K, 26% used [0x00000000a0000000,0x00000000a18c96e0,0x00000000a5d00000)
 Metaspace       used 57241K, capacity 59076K, committed 59160K, reserved 1099776K
  class space    used 7909K, capacity 8388K, committed 8472K, reserved 1048576K
}
Event: 12.658 GC heap before
{Heap before GC invocations=15 (full 3):
 PSYoungGen      total 176640K, used 16213K [0x00000000e0000000, 0x00000000eca80000, 0x0000000100000000)
  eden space 160256K, 0% used [0x00000000e0000000,0x00000000e0000000,0x00000000e9c80000)
  from space 16384K, 98% used [0x00000000eae80000,0x00000000ebe55428,0x00000000ebe80000)
  to   space 18432K, 0% used [0x00000000e9c80000,0x00000000e9c80000,0x00000000eae80000)
 ParOldGen       total 95232K, used 25381K [0x00000000a0000000, 0x00000000a5d00000, 0x00000000e0000000)
  object space 95232K, 26% used [0x00000000a0000000,0x00000000a18c96e0,0x00000000a5d00000)
 Metaspace       used 57241K, capacity 59076K, committed 59160K, reserved 1099776K
  class space    used 7909K, capacity 8388K, committed 8472K, reserved 1048576K
Event: 13.121 GC heap after
Heap after GC invocations=15 (full 3):
 PSYoungGen      total 176640K, used 0K [0x00000000e0000000, 0x00000000eca80000, 0x0000000100000000)
  eden space 160256K, 0% used [0x00000000e0000000,0x00000000e0000000,0x00000000e9c80000)
  from space 16384K, 0% used [0x00000000eae80000,0x00000000eae80000,0x00000000ebe80000)
  to   space 18432K, 0% used [0x00000000e9c80000,0x00000000e9c80000,0x00000000eae80000)
 ParOldGen       total 149504K, used 36612K [0x00000000a0000000, 0x00000000a9200000, 0x00000000e0000000)
  object space 149504K, 24% used [0x00000000a0000000,0x00000000a23c1108,0x00000000a9200000)
 Metaspace       used 57241K, capacity 59076K, committed 59160K, reserved 1099776K
  class space    used 7909K, capacity 8388K, committed 8472K, reserved 1048576K
}
Event: 14.881 GC heap before
{Heap before GC invocations=16 (full 3):
 PSYoungGen      total 176640K, used 160256K [0x00000000e0000000, 0x00000000eca80000, 0x0000000100000000)
  eden space 160256K, 100% used [0x00000000e0000000,0x00000000e9c80000,0x00000000e9c80000)
  from space 16384K, 0% used [0x00000000eae80000,0x00000000eae80000,0x00000000ebe80000)
  to   space 18432K, 0% used [0x00000000e9c80000,0x00000000e9c80000,0x00000000eae80000)
 ParOldGen       total 149504K, used 36612K [0x00000000a0000000, 0x00000000a9200000, 0x00000000e0000000)
  object space 149504K, 24% used [0x00000000a0000000,0x00000000a23c1108,0x00000000a9200000)
 Metaspace       used 61368K, capacity 63986K, committed 64152K, reserved 1103872K
  class space    used 8519K, capacity 9063K, committed 9112K, reserved 1048576K
Event: 14.895 GC heap after
Heap after GC invocations=16 (full 3):
 PSYoungGen      total 178688K, used 12187K [0x00000000e0000000, 0x00000000ed600000, 0x0000000100000000)
  eden space 160256K, 0% used [0x00000000e0000000,0x00000000e0000000,0x00000000e9c80000)
  from space 18432K, 66% used [0x00000000e9c80000,0x00000000ea866eb8,0x00000000eae80000)
  to   space 18432K, 0% used [0x00000000ec400000,0x00000000ec400000,0x00000000ed600000)
 ParOldGen       total 149504K, used 36620K [0x00000000a0000000, 0x00000000a9200000, 0x00000000e0000000)
  object space 149504K, 24% used [0x00000000a0000000,0x00000000a23c3108,0x00000000a9200000)
 Metaspace       used 61368K, capacity 63986K, committed 64152K, reserved 1103872K
  class space    used 8519K, capacity 9063K, committed 9112K, reserved 1048576K
}

