# JRE version: OpenJDK Runtime Environment (8.0_212-b04) (build 1.8.0_212-release-1586-b04)
# Java VM: OpenJDK 64-Bit Server VM (25.212-b04 mixed mode windows-amd64 compressed oops)
Heap:
 PSYoungGen      total 454656K, used 266632K [0x00000000e0000000, 0x0000000100000000, 0x0000000100000000)
  eden space 423936K, 58% used [0x00000000e0000000,0x00000000ef19f4b8,0x00000000f9e00000)
  from space 30720K, 62% used [0x00000000fe200000,0x00000000ff4c2d40,0x0000000100000000)
  to   space 50176K, 0% used [0x00000000f9e00000,0x00000000f9e00000,0x00000000fcf00000)
 ParOldGen       total 210944K, used 125026K [0x00000000a0000000, 0x00000000ace00000, 0x00000000e0000000)
  object space 210944K, 59% used [0x00000000a0000000,0x00000000a7a18b38,0x00000000ace00000)
 Metaspace       used 91226K, capacity 95534K, committed 95912K, reserved 1132544K
  class space    used 11822K, capacity 12595K, committed 12720K, reserved 1048576K
GC Heap History (10 events):
Event: 326.164 GC heap before
{Heap before GC invocations=32 (full 3):
 PSYoungGen      total 489472K, used 489258K [0x00000000e0000000, 0x0000000100000000, 0x0000000100000000)
  eden space 462848K, 100% used [0x00000000e0000000,0x00000000fc400000,0x00000000fc400000)
  from space 26624K, 99% used [0x00000000fe580000,0x00000000fff4ab60,0x00000000fff80000)
  to   space 30720K, 0% used [0x00000000fc400000,0x00000000fc400000,0x00000000fe200000)
 ParOldGen       total 148992K, used 131288K [0x00000000a0000000, 0x00000000a9180000, 0x00000000e0000000)
  object space 148992K, 88% used [0x00000000a0000000,0x00000000a8036140,0x00000000a9180000)
 Metaspace       used 85147K, capacity 89714K, committed 90024K, reserved 1126400K
  class space    used 11330K, capacity 12155K, committed 12208K, reserved 1048576K
Event: 326.183 GC heap after
Heap after GC invocations=32 (full 3):
 PSYoungGen      total 493568K, used 13785K [0x00000000e0000000, 0x0000000100000000, 0x0000000100000000)
  eden space 462848K, 0% used [0x00000000e0000000,0x00000000e0000000,0x00000000fc400000)
  from space 30720K, 44% used [0x00000000fc400000,0x00000000fd1764d0,0x00000000fe200000)
  to   space 29696K, 0% used [0x00000000fe300000,0x00000000fe300000,0x0000000100000000)
 ParOldGen       total 148992K, used 135048K [0x00000000a0000000, 0x00000000a9180000, 0x00000000e0000000)
  object space 148992K, 90% used [0x00000000a0000000,0x00000000a83e2338,0x00000000a9180000)
 Metaspace       used 85147K, capacity 89714K, committed 90024K, reserved 1126400K
  class space    used 11330K, capacity 12155K, committed 12208K, reserved 1048576K
}
Event: 326.183 GC heap before
{Heap before GC invocations=33 (full 4):
 PSYoungGen      total 493568K, used 13785K [0x00000000e0000000, 0x0000000100000000, 0x0000000100000000)
  eden space 462848K, 0% used [0x00000000e0000000,0x00000000e0000000,0x00000000fc400000)
  from space 30720K, 44% used [0x00000000fc400000,0x00000000fd1764d0,0x00000000fe200000)
  to   space 29696K, 0% used [0x00000000fe300000,0x00000000fe300000,0x0000000100000000)
 ParOldGen       total 148992K, used 135048K [0x00000000a0000000, 0x00000000a9180000, 0x00000000e0000000)
  object space 148992K, 90% used [0x00000000a0000000,0x00000000a83e2338,0x00000000a9180000)
 Metaspace       used 85147K, capacity 89714K, committed 90024K, reserved 1126400K
  class space    used 11330K, capacity 12155K, committed 12208K, reserved 1048576K
Event: 326.377 GC heap after
Heap after GC invocations=33 (full 4):
 PSYoungGen      total 493568K, used 0K [0x00000000e0000000, 0x0000000100000000, 0x0000000100000000)
  eden space 462848K, 0% used [0x00000000e0000000,0x00000000e0000000,0x00000000fc400000)
  from space 30720K, 0% used [0x00000000fc400000,0x00000000fc400000,0x00000000fe200000)
  to   space 29696K, 0% used [0x00000000fe300000,0x00000000fe300000,0x0000000100000000)
 ParOldGen       total 210944K, used 63757K [0x00000000a0000000, 0x00000000ace00000, 0x00000000e0000000)
  object space 210944K, 30% used [0x00000000a0000000,0x00000000a3e43438,0x00000000ace00000)
 Metaspace       used 84466K, capacity 87840K, committed 90024K, reserved 1126400K
  class space    used 11095K, capacity 11744K, committed 12208K, reserved 1048576K
}
Event: 339.474 GC heap before
{Heap before GC invocations=34 (full 4):
 PSYoungGen      total 493568K, used 462848K [0x00000000e0000000, 0x0000000100000000, 0x0000000100000000)
  eden space 462848K, 100% used [0x00000000e0000000,0x00000000fc400000,0x00000000fc400000)
  from space 30720K, 0% used [0x00000000fc400000,0x00000000fc400000,0x00000000fe200000)
  to   space 29696K, 0% used [0x00000000fe300000,0x00000000fe300000,0x0000000100000000)
 ParOldGen       total 210944K, used 63757K [0x00000000a0000000, 0x00000000ace00000, 0x00000000e0000000)
  object space 210944K, 30% used [0x00000000a0000000,0x00000000a3e43438,0x00000000ace00000)
 Metaspace       used 85973K, capacity 89676K, committed 91432K, reserved 1128448K
  class space    used 11210K, capacity 11918K, committed 12336K, reserved 1048576K
Event: 339.495 GC heap after
Heap after GC invocations=34 (full 4):
 PSYoungGen      total 492544K, used 20283K [0x00000000e0000000, 0x0000000100000000, 0x0000000100000000)
  eden space 462848K, 0% used [0x00000000e0000000,0x00000000e0000000,0x00000000fc400000)
  from space 29696K, 68% used [0x00000000fe300000,0x00000000ff6cef10,0x0000000100000000)
  to   space 30720K, 0% used [0x00000000fc400000,0x00000000fc400000,0x00000000fe200000)
 ParOldGen       total 210944K, used 63765K [0x00000000a0000000, 0x00000000ace00000, 0x00000000e0000000)
  object space 210944K, 30% used [0x00000000a0000000,0x00000000a3e45438,0x00000000ace00000)
 Metaspace       used 85973K, capacity 89676K, committed 91432K, reserved 1128448K
  class space    used 11210K, capacity 11918K, committed 12336K, reserved 1048576K
}
Event: 671.829 GC heap before
{Heap before GC invocations=35 (full 4):
 PSYoungGen      total 492544K, used 483131K [0x00000000e0000000, 0x0000000100000000, 0x0000000100000000)
  eden space 462848K, 100% used [0x00000000e0000000,0x00000000fc400000,0x00000000fc400000)
  from space 29696K, 68% used [0x00000000fe300000,0x00000000ff6cef10,0x0000000100000000)
  to   space 30720K, 0% used [0x00000000fc400000,0x00000000fc400000,0x00000000fe200000)
 ParOldGen       total 210944K, used 63765K [0x00000000a0000000, 0x00000000ace00000, 0x00000000e0000000)
  object space 210944K, 30% used [0x00000000a0000000,0x00000000a3e45438,0x00000000ace00000)
 Metaspace       used 90314K, capacity 94368K, committed 95144K, reserved 1132544K
  class space    used 11768K, capacity 12508K, committed 12720K, reserved 1048576K
Event: 671.879 GC heap after
Heap after GC invocations=35 (full 4):
 PSYoungGen      total 493568K, used 30699K [0x00000000e0000000, 0x0000000100000000, 0x0000000100000000)
  eden space 462848K, 0% used [0x00000000e0000000,0x00000000e0000000,0x00000000fc400000)
  from space 30720K, 99% used [0x00000000fc400000,0x00000000fe1fafb8,0x00000000fe200000)
  to   space 30720K, 0% used [0x00000000fe200000,0x00000000fe200000,0x0000000100000000)
 ParOldGen       total 210944K, used 111562K [0x00000000a0000000, 0x00000000ace00000, 0x00000000e0000000)
  object space 210944K, 52% used [0x00000000a0000000,0x00000000a6cf2b90,0x00000000ace00000)
 Metaspace       used 90314K, capacity 94368K, committed 95144K, reserved 1132544K
  class space    used 11768K, capacity 12508K, committed 12720K, reserved 1048576K
}
Event: 2265.325 GC heap before
{Heap before GC invocations=36 (full 4):
 PSYoungGen      total 493568K, used 493547K [0x00000000e0000000, 0x0000000100000000, 0x0000000100000000)
  eden space 462848K, 100% used [0x00000000e0000000,0x00000000fc400000,0x00000000fc400000)
  from space 30720K, 99% used [0x00000000fc400000,0x00000000fe1fafb8,0x00000000fe200000)
  to   space 30720K, 0% used [0x00000000fe200000,0x00000000fe200000,0x0000000100000000)
 ParOldGen       total 210944K, used 111562K [0x00000000a0000000, 0x00000000ace00000, 0x00000000e0000000)
  object space 210944K, 52% used [0x00000000a0000000,0x00000000a6cf2b90,0x00000000ace00000)
 Metaspace       used 91086K, capacity 95300K, committed 95656K, reserved 1132544K
  class space    used 11818K, capacity 12588K, committed 12720K, reserved 1048576K
Event: 2265.363 GC heap after
Heap after GC invocations=36 (full 4):
 PSYoungGen      total 454656K, used 19211K [0x00000000e0000000, 0x0000000100000000, 0x0000000100000000)
  eden space 423936K, 0% used [0x00000000e0000000,0x00000000e0000000,0x00000000f9e00000)
  from space 30720K, 62% used [0x00000000fe200000,0x00000000ff4c2d40,0x0000000100000000)
  to   space 50176K, 0% used [0x00000000f9e00000,0x00000000f9e00000,0x00000000fcf00000)
 ParOldGen       total 210944K, used 125026K [0x00000000a0000000, 0x00000000ace00000, 0x00000000e0000000)
  object space 210944K, 59% used [0x00000000a0000000,0x00000000a7a18b38,0x00000000ace00000)
 Metaspace       used 91086K, capacity 95300K, committed 95656K, reserved 1132544K
  class space    used 11818K, capacity 12588K, committed 12720K, reserved 1048576K
}

