# JRE version: OpenJDK Runtime Environment (8.0_212-b04) (build 1.8.0_212-release-1586-b04)
# Java VM: OpenJDK 64-Bit Server VM (25.212-b04 mixed mode windows-amd64 compressed oops)
Heap:
 PSYoungGen      total 254464K, used 191705K [0x00000000e0000000, 0x00000000f5f00000, 0x0000000100000000)
  eden space 201728K, 68% used [0x00000000e0000000,0x00000000e87bbaf8,0x00000000ec500000)
  from space 52736K, 99% used [0x00000000ec500000,0x00000000ef87a988,0x00000000ef880000)
  to   space 69120K, 0% used [0x00000000f1b80000,0x00000000f1b80000,0x00000000f5f00000)
 ParOldGen       total 256000K, used 96492K [0x00000000a0000000, 0x00000000afa00000, 0x00000000e0000000)
  object space 256000K, 37% used [0x00000000a0000000,0x00000000a5e3b318,0x00000000afa00000)
 Metaspace       used 84310K, capacity 87948K, committed 88792K, reserved 1126400K
  class space    used 11281K, capacity 12046K, committed 12248K, reserved 1048576K
GC Heap History (10 events):
Event: 226.323 GC heap before
{Heap before GC invocations=19 (full 3):
 PSYoungGen      total 205824K, used 201695K [0x00000000e0000000, 0x00000000f0b80000, 0x0000000100000000)
  eden space 182784K, 97% used [0x00000000e0000000,0x00000000eae7ea58,0x00000000eb280000)
  from space 23040K, 99% used [0x00000000eb280000,0x00000000ec8f92f0,0x00000000ec900000)
  to   space 34816K, 0% used [0x00000000ee980000,0x00000000ee980000,0x00000000f0b80000)
 ParOldGen       total 145920K, used 65826K [0x00000000a0000000, 0x00000000a8e80000, 0x00000000e0000000)
  object space 145920K, 45% used [0x00000000a0000000,0x00000000a4048848,0x00000000a8e80000)
 Metaspace       used 82284K, capacity 86262K, committed 86616K, reserved 1124352K
  class space    used 11207K, capacity 12019K, committed 12120K, reserved 1048576K
Event: 226.382 GC heap after
Heap after GC invocations=19 (full 3):
 PSYoungGen      total 225792K, used 34811K [0x00000000e0000000, 0x00000000f2a00000, 0x0000000100000000)
  eden space 190976K, 0% used [0x00000000e0000000,0x00000000e0000000,0x00000000eba80000)
  from space 34816K, 99% used [0x00000000ee980000,0x00000000f0b7edc0,0x00000000f0b80000)
  to   space 48128K, 0% used [0x00000000eba80000,0x00000000eba80000,0x00000000ee980000)
 ParOldGen       total 145920K, used 87556K [0x00000000a0000000, 0x00000000a8e80000, 0x00000000e0000000)
  object space 145920K, 60% used [0x00000000a0000000,0x00000000a5581308,0x00000000a8e80000)
 Metaspace       used 82284K, capacity 86262K, committed 86616K, reserved 1124352K
  class space    used 11207K, capacity 12019K, committed 12120K, reserved 1048576K
}
Event: 789.266 GC heap before
{Heap before GC invocations=20 (full 3):
 PSYoungGen      total 225792K, used 225787K [0x00000000e0000000, 0x00000000f2a00000, 0x0000000100000000)
  eden space 190976K, 100% used [0x00000000e0000000,0x00000000eba80000,0x00000000eba80000)
  from space 34816K, 99% used [0x00000000ee980000,0x00000000f0b7edc0,0x00000000f0b80000)
  to   space 48128K, 0% used [0x00000000eba80000,0x00000000eba80000,0x00000000ee980000)
 ParOldGen       total 145920K, used 87556K [0x00000000a0000000, 0x00000000a8e80000, 0x00000000e0000000)
  object space 145920K, 60% used [0x00000000a0000000,0x00000000a5581308,0x00000000a8e80000)
 Metaspace       used 83617K, capacity 87868K, committed 88024K, reserved 1124352K
  class space    used 11307K, capacity 12144K, committed 12248K, reserved 1048576K
Event: 789.325 GC heap after
Heap after GC invocations=20 (full 3):
 PSYoungGen      total 239104K, used 27735K [0x00000000e0000000, 0x00000000f2800000, 0x0000000100000000)
  eden space 190976K, 0% used [0x00000000e0000000,0x00000000e0000000,0x00000000eba80000)
  from space 48128K, 57% used [0x00000000eba80000,0x00000000ed595fc0,0x00000000ee980000)
  to   space 48640K, 0% used [0x00000000ef880000,0x00000000ef880000,0x00000000f2800000)
 ParOldGen       total 145920K, used 120990K [0x00000000a0000000, 0x00000000a8e80000, 0x00000000e0000000)
  object space 145920K, 82% used [0x00000000a0000000,0x00000000a7627820,0x00000000a8e80000)
 Metaspace       used 83617K, capacity 87868K, committed 88024K, reserved 1124352K
  class space    used 11307K, capacity 12144K, committed 12248K, reserved 1048576K
}
Event: 789.325 GC heap before
{Heap before GC invocations=21 (full 4):
 PSYoungGen      total 239104K, used 27735K [0x00000000e0000000, 0x00000000f2800000, 0x0000000100000000)
  eden space 190976K, 0% used [0x00000000e0000000,0x00000000e0000000,0x00000000eba80000)
  from space 48128K, 57% used [0x00000000eba80000,0x00000000ed595fc0,0x00000000ee980000)
  to   space 48640K, 0% used [0x00000000ef880000,0x00000000ef880000,0x00000000f2800000)
 ParOldGen       total 145920K, used 120990K [0x00000000a0000000, 0x00000000a8e80000, 0x00000000e0000000)
  object space 145920K, 82% used [0x00000000a0000000,0x00000000a7627820,0x00000000a8e80000)
 Metaspace       used 83617K, capacity 87868K, committed 88024K, reserved 1124352K
  class space    used 11307K, capacity 12144K, committed 12248K, reserved 1048576K
Event: 789.581 GC heap after
Heap after GC invocations=21 (full 4):
 PSYoungGen      total 239104K, used 0K [0x00000000e0000000, 0x00000000f2800000, 0x0000000100000000)
  eden space 190976K, 0% used [0x00000000e0000000,0x00000000e0000000,0x00000000eba80000)
  from space 48128K, 0% used [0x00000000eba80000,0x00000000eba80000,0x00000000ee980000)
  to   space 48640K, 0% used [0x00000000ef880000,0x00000000ef880000,0x00000000f2800000)
 ParOldGen       total 256000K, used 75280K [0x00000000a0000000, 0x00000000afa00000, 0x00000000e0000000)
  object space 256000K, 29% used [0x00000000a0000000,0x00000000a49843f0,0x00000000afa00000)
 Metaspace       used 83192K, capacity 86664K, committed 88024K, reserved 1124352K
  class space    used 11168K, capacity 11898K, committed 12248K, reserved 1048576K
}
Event: 791.679 GC heap before
{Heap before GC invocations=22 (full 4):
 PSYoungGen      total 239104K, used 190976K [0x00000000e0000000, 0x00000000f2800000, 0x0000000100000000)
  eden space 190976K, 100% used [0x00000000e0000000,0x00000000eba80000,0x00000000eba80000)
  from space 48128K, 0% used [0x00000000eba80000,0x00000000eba80000,0x00000000ee980000)
  to   space 48640K, 0% used [0x00000000ef880000,0x00000000ef880000,0x00000000f2800000)
 ParOldGen       total 256000K, used 75280K [0x00000000a0000000, 0x00000000afa00000, 0x00000000e0000000)
  object space 256000K, 29% used [0x00000000a0000000,0x00000000a49843f0,0x00000000afa00000)
 Metaspace       used 83589K, capacity 87008K, committed 88280K, reserved 1126400K
  class space    used 11236K, capacity 11966K, committed 12248K, reserved 1048576K
Event: 791.731 GC heap after
Heap after GC invocations=22 (full 4):
 PSYoungGen      total 250368K, used 38431K [0x00000000e0000000, 0x00000000f3780000, 0x0000000100000000)
  eden space 201728K, 0% used [0x00000000e0000000,0x00000000e0000000,0x00000000ec500000)
  from space 48640K, 79% used [0x00000000ef880000,0x00000000f1e07c60,0x00000000f2800000)
  to   space 52736K, 0% used [0x00000000ec500000,0x00000000ec500000,0x00000000ef880000)
 ParOldGen       total 256000K, used 75288K [0x00000000a0000000, 0x00000000afa00000, 0x00000000e0000000)
  object space 256000K, 29% used [0x00000000a0000000,0x00000000a49863f0,0x00000000afa00000)
 Metaspace       used 83589K, capacity 87008K, committed 88280K, reserved 1126400K
  class space    used 11236K, capacity 11966K, committed 12248K, reserved 1048576K
}
Event: 925.112 GC heap before
{Heap before GC invocations=23 (full 4):
 PSYoungGen      total 250368K, used 240159K [0x00000000e0000000, 0x00000000f3780000, 0x0000000100000000)
  eden space 201728K, 100% used [0x00000000e0000000,0x00000000ec500000,0x00000000ec500000)
  from space 48640K, 79% used [0x00000000ef880000,0x00000000f1e07c60,0x00000000f2800000)
  to   space 52736K, 0% used [0x00000000ec500000,0x00000000ec500000,0x00000000ef880000)
 ParOldGen       total 256000K, used 75288K [0x00000000a0000000, 0x00000000afa00000, 0x00000000e0000000)
  object space 256000K, 29% used [0x00000000a0000000,0x00000000a49863f0,0x00000000afa00000)
 Metaspace       used 84279K, capacity 87874K, committed 88792K, reserved 1126400K
  class space    used 11280K, capacity 12045K, committed 12248K, reserved 1048576K
Event: 925.160 GC heap after
Heap after GC invocations=23 (full 4):
 PSYoungGen      total 254464K, used 52714K [0x00000000e0000000, 0x00000000f5f00000, 0x0000000100000000)
  eden space 201728K, 0% used [0x00000000e0000000,0x00000000e0000000,0x00000000ec500000)
  from space 52736K, 99% used [0x00000000ec500000,0x00000000ef87a988,0x00000000ef880000)
  to   space 69120K, 0% used [0x00000000f1b80000,0x00000000f1b80000,0x00000000f5f00000)
 ParOldGen       total 256000K, used 96492K [0x00000000a0000000, 0x00000000afa00000, 0x00000000e0000000)
  object space 256000K, 37% used [0x00000000a0000000,0x00000000a5e3b318,0x00000000afa00000)
 Metaspace       used 84279K, capacity 87874K, committed 88792K, reserved 1126400K
  class space    used 11280K, capacity 12045K, committed 12248K, reserved 1048576K
}

