# JRE version: OpenJDK Runtime Environment (8.0_212-b04) (build 1.8.0_212-release-1586-b04)
# Java VM: OpenJDK 64-Bit Server VM (25.212-b04 mixed mode windows-amd64 compressed oops)
Heap:
 PSYoungGen      total 205312K, used 27090K [0x00000000e0000000, 0x00000000f0100000, 0x0000000100000000)
  eden space 188928K, 6% used [0x00000000e0000000,0x00000000e0c959a8,0x00000000eb880000)
  from space 16384K, 86% used [0x00000000eb880000,0x00000000ec65f208,0x00000000ec880000)
  to   space 26112K, 0% used [0x00000000ee780000,0x00000000ee780000,0x00000000f0100000)
 ParOldGen       total 111616K, used 38485K [0x00000000a0000000, 0x00000000a6d00000, 0x00000000e0000000)
  object space 111616K, 34% used [0x00000000a0000000,0x00000000a25954a8,0x00000000a6d00000)
 Metaspace       used 63624K, capacity 66250K, committed 66520K, reserved 1107968K
  class space    used 8747K, capacity 9315K, committed 9432K, reserved 1048576K
GC Heap History (10 events):
Event: 11.778 GC heap before
{Heap before GC invocations=8 (full 2):
 PSYoungGen      total 200192K, used 10549K [0x00000000e0000000, 0x00000000ed880000, 0x0000000100000000)
  eden space 188928K, 0% used [0x00000000e0000000,0x00000000e0000000,0x00000000eb880000)
  from space 11264K, 93% used [0x00000000ecd80000,0x00000000ed7cd570,0x00000000ed880000)
  to   space 16384K, 0% used [0x00000000eb880000,0x00000000eb880000,0x00000000ec880000)
 ParOldGen       total 72192K, used 19496K [0x00000000a0000000, 0x00000000a4680000, 0x00000000e0000000)
  object space 72192K, 27% used [0x00000000a0000000,0x00000000a130a2e0,0x00000000a4680000)
 Metaspace       used 34560K, capacity 35384K, committed 35456K, reserved 1079296K
  class space    used 4753K, capacity 4965K, committed 4992K, reserved 1048576K
Event: 11.875 GC heap after
Heap after GC invocations=8 (full 2):
 PSYoungGen      total 200192K, used 0K [0x00000000e0000000, 0x00000000ed880000, 0x0000000100000000)
  eden space 188928K, 0% used [0x00000000e0000000,0x00000000e0000000,0x00000000eb880000)
  from space 11264K, 0% used [0x00000000ecd80000,0x00000000ecd80000,0x00000000ed880000)
  to   space 16384K, 0% used [0x00000000eb880000,0x00000000eb880000,0x00000000ec880000)
 ParOldGen       total 111616K, used 17709K [0x00000000a0000000, 0x00000000a6d00000, 0x00000000e0000000)
  object space 111616K, 15% used [0x00000000a0000000,0x00000000a114b400,0x00000000a6d00000)
 Metaspace       used 34539K, capacity 35318K, committed 35456K, reserved 1079296K
  class space    used 4747K, capacity 4954K, committed 4992K, reserved 1048576K
}
Event: 16.357 GC heap before
{Heap before GC invocations=9 (full 2):
 PSYoungGen      total 200192K, used 188928K [0x00000000e0000000, 0x00000000ed880000, 0x0000000100000000)
  eden space 188928K, 100% used [0x00000000e0000000,0x00000000eb880000,0x00000000eb880000)
  from space 11264K, 0% used [0x00000000ecd80000,0x00000000ecd80000,0x00000000ed880000)
  to   space 16384K, 0% used [0x00000000eb880000,0x00000000eb880000,0x00000000ec880000)
 ParOldGen       total 111616K, used 17709K [0x00000000a0000000, 0x00000000a6d00000, 0x00000000e0000000)
  object space 111616K, 15% used [0x00000000a0000000,0x00000000a114b400,0x00000000a6d00000)
 Metaspace       used 51140K, capacity 52696K, committed 52992K, reserved 1095680K
  class space    used 6971K, capacity 7372K, committed 7424K, reserved 1048576K
Event: 16.389 GC heap after
Heap after GC invocations=9 (full 2):
 PSYoungGen      total 205312K, used 16377K [0x00000000e0000000, 0x00000000ed880000, 0x0000000100000000)
  eden space 188928K, 0% used [0x00000000e0000000,0x00000000e0000000,0x00000000eb880000)
  from space 16384K, 99% used [0x00000000eb880000,0x00000000ec87e6b0,0x00000000ec880000)
  to   space 11264K, 0% used [0x00000000ecd80000,0x00000000ecd80000,0x00000000ed880000)
 ParOldGen       total 111616K, used 24536K [0x00000000a0000000, 0x00000000a6d00000, 0x00000000e0000000)
  object space 111616K, 21% used [0x00000000a0000000,0x00000000a17f6348,0x00000000a6d00000)
 Metaspace       used 51140K, capacity 52696K, committed 52992K, reserved 1095680K
  class space    used 6971K, capacity 7372K, committed 7424K, reserved 1048576K
}
Event: 18.608 GC heap before
{Heap before GC invocations=10 (full 2):
 PSYoungGen      total 205312K, used 130018K [0x00000000e0000000, 0x00000000ed880000, 0x0000000100000000)
  eden space 188928K, 60% used [0x00000000e0000000,0x00000000e6efa448,0x00000000eb880000)
  from space 16384K, 99% used [0x00000000eb880000,0x00000000ec87e6b0,0x00000000ec880000)
  to   space 11264K, 0% used [0x00000000ecd80000,0x00000000ecd80000,0x00000000ed880000)
 ParOldGen       total 111616K, used 24536K [0x00000000a0000000, 0x00000000a6d00000, 0x00000000e0000000)
  object space 111616K, 21% used [0x00000000a0000000,0x00000000a17f6348,0x00000000a6d00000)
 Metaspace       used 57181K, capacity 59012K, committed 59096K, reserved 1099776K
  class space    used 7890K, capacity 8348K, committed 8408K, reserved 1048576K
Event: 18.632 GC heap after
Heap after GC invocations=10 (full 2):
 PSYoungGen      total 200192K, used 11237K [0x00000000e0000000, 0x00000000ed880000, 0x0000000100000000)
  eden space 188928K, 0% used [0x00000000e0000000,0x00000000e0000000,0x00000000eb880000)
  from space 11264K, 99% used [0x00000000ecd80000,0x00000000ed8797b0,0x00000000ed880000)
  to   space 16384K, 0% used [0x00000000eb880000,0x00000000eb880000,0x00000000ec880000)
 ParOldGen       total 111616K, used 37324K [0x00000000a0000000, 0x00000000a6d00000, 0x00000000e0000000)
  object space 111616K, 33% used [0x00000000a0000000,0x00000000a2473078,0x00000000a6d00000)
 Metaspace       used 57181K, capacity 59012K, committed 59096K, reserved 1099776K
  class space    used 7890K, capacity 8348K, committed 8408K, reserved 1048576K
}
Event: 18.632 GC heap before
{Heap before GC invocations=11 (full 3):
 PSYoungGen      total 200192K, used 11237K [0x00000000e0000000, 0x00000000ed880000, 0x0000000100000000)
  eden space 188928K, 0% used [0x00000000e0000000,0x00000000e0000000,0x00000000eb880000)
  from space 11264K, 99% used [0x00000000ecd80000,0x00000000ed8797b0,0x00000000ed880000)
  to   space 16384K, 0% used [0x00000000eb880000,0x00000000eb880000,0x00000000ec880000)
 ParOldGen       total 111616K, used 37324K [0x00000000a0000000, 0x00000000a6d00000, 0x00000000e0000000)
  object space 111616K, 33% used [0x00000000a0000000,0x00000000a2473078,0x00000000a6d00000)
 Metaspace       used 57181K, capacity 59012K, committed 59096K, reserved 1099776K
  class space    used 7890K, capacity 8348K, committed 8408K, reserved 1048576K
Event: 19.101 GC heap after
Heap after GC invocations=11 (full 3):
 PSYoungGen      total 200192K, used 0K [0x00000000e0000000, 0x00000000ed880000, 0x0000000100000000)
  eden space 188928K, 0% used [0x00000000e0000000,0x00000000e0000000,0x00000000eb880000)
  from space 11264K, 0% used [0x00000000ecd80000,0x00000000ecd80000,0x00000000ed880000)
  to   space 16384K, 0% used [0x00000000eb880000,0x00000000eb880000,0x00000000ec880000)
 ParOldGen       total 111616K, used 38477K [0x00000000a0000000, 0x00000000a6d00000, 0x00000000e0000000)
  object space 111616K, 34% used [0x00000000a0000000,0x00000000a25934a8,0x00000000a6d00000)
 Metaspace       used 57181K, capacity 59012K, committed 59096K, reserved 1099776K
  class space    used 7890K, capacity 8348K, committed 8408K, reserved 1048576K
}
Event: 22.524 GC heap before
{Heap before GC invocations=12 (full 3):
 PSYoungGen      total 200192K, used 188928K [0x00000000e0000000, 0x00000000ed880000, 0x0000000100000000)
  eden space 188928K, 100% used [0x00000000e0000000,0x00000000eb880000,0x00000000eb880000)
  from space 11264K, 0% used [0x00000000ecd80000,0x00000000ecd80000,0x00000000ed880000)
  to   space 16384K, 0% used [0x00000000eb880000,0x00000000eb880000,0x00000000ec880000)
 ParOldGen       total 111616K, used 38477K [0x00000000a0000000, 0x00000000a6d00000, 0x00000000e0000000)
  object space 111616K, 34% used [0x00000000a0000000,0x00000000a25934a8,0x00000000a6d00000)
 Metaspace       used 62940K, capacity 65580K, committed 65880K, reserved 1105920K
  class space    used 8675K, capacity 9224K, committed 9304K, reserved 1048576K
Event: 22.537 GC heap after
Heap after GC invocations=12 (full 3):
 PSYoungGen      total 205312K, used 14204K [0x00000000e0000000, 0x00000000f0100000, 0x0000000100000000)
  eden space 188928K, 0% used [0x00000000e0000000,0x00000000e0000000,0x00000000eb880000)
  from space 16384K, 86% used [0x00000000eb880000,0x00000000ec65f208,0x00000000ec880000)
  to   space 26112K, 0% used [0x00000000ee780000,0x00000000ee780000,0x00000000f0100000)
 ParOldGen       total 111616K, used 38485K [0x00000000a0000000, 0x00000000a6d00000, 0x00000000e0000000)
  object space 111616K, 34% used [0x00000000a0000000,0x00000000a25954a8,0x00000000a6d00000)
 Metaspace       used 62940K, capacity 65580K, committed 65880K, reserved 1105920K
  class space    used 8675K, capacity 9224K, committed 9304K, reserved 1048576K
}

