# JRE version: OpenJDK Runtime Environment (8.0_212-b04) (build 1.8.0_212-release-1586-b04)
# Java VM: OpenJDK 64-Bit Server VM (25.212-b04 mixed mode windows-amd64 compressed oops)
Heap:
 PSYoungGen      total 175616K, used 90032K [0x00000000e0000000, 0x00000000ed400000, 0x0000000100000000)
  eden space 158208K, 47% used [0x00000000e0000000,0x00000000e4941820,0x00000000e9a80000)
  from space 17408K, 86% used [0x00000000e9a80000,0x00000000ea92a9d8,0x00000000eab80000)
  to   space 18432K, 0% used [0x00000000ec200000,0x00000000ec200000,0x00000000ed400000)
 ParOldGen       total 146944K, used 34936K [0x00000000a0000000, 0x00000000a8f80000, 0x00000000e0000000)
  object space 146944K, 23% used [0x00000000a0000000,0x00000000a221e3a8,0x00000000a8f80000)
 Metaspace       used 64648K, capacity 67096K, committed 67352K, reserved 1107968K
  class space    used 8861K, capacity 9398K, committed 9504K, reserved 1048576K
GC Heap History (10 events):
Event: 9.162 GC heap before
{Heap before GC invocations=12 (full 2):
 PSYoungGen      total 113664K, used 102400K [0x00000000e0000000, 0x00000000ea000000, 0x0000000100000000)
  eden space 102400K, 100% used [0x00000000e0000000,0x00000000e6400000,0x00000000e6400000)
  from space 11264K, 0% used [0x00000000e6400000,0x00000000e6400000,0x00000000e6f00000)
  to   space 12800K, 0% used [0x00000000e9380000,0x00000000e9380000,0x00000000ea000000)
 ParOldGen       total 96768K, used 18387K [0x00000000a0000000, 0x00000000a5e80000, 0x00000000e0000000)
  object space 96768K, 19% used [0x00000000a0000000,0x00000000a11f4dd8,0x00000000a5e80000)
 Metaspace       used 45085K, capacity 46082K, committed 46376K, reserved 1089536K
  class space    used 6050K, capacity 6325K, committed 6448K, reserved 1048576K
Event: 9.178 GC heap after
Heap after GC invocations=12 (full 2):
 PSYoungGen      total 140288K, used 12781K [0x00000000e0000000, 0x00000000ea000000, 0x0000000100000000)
  eden space 127488K, 0% used [0x00000000e0000000,0x00000000e0000000,0x00000000e7c80000)
  from space 12800K, 99% used [0x00000000e9380000,0x00000000e9ffb4f0,0x00000000ea000000)
  to   space 14336K, 0% used [0x00000000e8400000,0x00000000e8400000,0x00000000e9200000)
 ParOldGen       total 96768K, used 18899K [0x00000000a0000000, 0x00000000a5e80000, 0x00000000e0000000)
  object space 96768K, 19% used [0x00000000a0000000,0x00000000a1274f68,0x00000000a5e80000)
 Metaspace       used 45085K, capacity 46082K, committed 46376K, reserved 1089536K
  class space    used 6050K, capacity 6325K, committed 6448K, reserved 1048576K
}
Event: 11.002 GC heap before
{Heap before GC invocations=13 (full 2):
 PSYoungGen      total 140288K, used 140269K [0x00000000e0000000, 0x00000000ea000000, 0x0000000100000000)
  eden space 127488K, 100% used [0x00000000e0000000,0x00000000e7c80000,0x00000000e7c80000)
  from space 12800K, 99% used [0x00000000e9380000,0x00000000e9ffb4f0,0x00000000ea000000)
  to   space 14336K, 0% used [0x00000000e8400000,0x00000000e8400000,0x00000000e9200000)
 ParOldGen       total 96768K, used 18899K [0x00000000a0000000, 0x00000000a5e80000, 0x00000000e0000000)
  object space 96768K, 19% used [0x00000000a0000000,0x00000000a1274f68,0x00000000a5e80000)
 Metaspace       used 53526K, capacity 55112K, committed 55464K, reserved 1097728K
  class space    used 7382K, capacity 7756K, committed 7856K, reserved 1048576K
Event: 11.034 GC heap after
Heap after GC invocations=13 (full 2):
 PSYoungGen      total 149504K, used 13480K [0x00000000e0000000, 0x00000000ebb00000, 0x0000000100000000)
  eden space 135168K, 0% used [0x00000000e0000000,0x00000000e0000000,0x00000000e8400000)
  from space 14336K, 94% used [0x00000000e8400000,0x00000000e912a3c0,0x00000000e9200000)
  to   space 15872K, 0% used [0x00000000eab80000,0x00000000eab80000,0x00000000ebb00000)
 ParOldGen       total 96768K, used 24655K [0x00000000a0000000, 0x00000000a5e80000, 0x00000000e0000000)
  object space 96768K, 25% used [0x00000000a0000000,0x00000000a1813fc0,0x00000000a5e80000)
 Metaspace       used 53526K, capacity 55112K, committed 55464K, reserved 1097728K
  class space    used 7382K, capacity 7756K, committed 7856K, reserved 1048576K
}
Event: 12.340 GC heap before
{Heap before GC invocations=14 (full 2):
 PSYoungGen      total 149504K, used 69686K [0x00000000e0000000, 0x00000000ebb00000, 0x0000000100000000)
  eden space 135168K, 41% used [0x00000000e0000000,0x00000000e36e35a0,0x00000000e8400000)
  from space 14336K, 94% used [0x00000000e8400000,0x00000000e912a3c0,0x00000000e9200000)
  to   space 15872K, 0% used [0x00000000eab80000,0x00000000eab80000,0x00000000ebb00000)
 ParOldGen       total 96768K, used 24655K [0x00000000a0000000, 0x00000000a5e80000, 0x00000000e0000000)
  object space 96768K, 25% used [0x00000000a0000000,0x00000000a1813fc0,0x00000000a5e80000)
 Metaspace       used 57279K, capacity 59008K, committed 59160K, reserved 1099776K
  class space    used 7922K, capacity 8374K, committed 8480K, reserved 1048576K
Event: 12.358 GC heap after
Heap after GC invocations=14 (full 2):
 PSYoungGen      total 174080K, used 14242K [0x00000000e0000000, 0x00000000ec700000, 0x0000000100000000)
  eden space 158208K, 0% used [0x00000000e0000000,0x00000000e0000000,0x00000000e9a80000)
  from space 15872K, 89% used [0x00000000eab80000,0x00000000eb968958,0x00000000ebb00000)
  to   space 17408K, 0% used [0x00000000e9a80000,0x00000000e9a80000,0x00000000eab80000)
 ParOldGen       total 96768K, used 24663K [0x00000000a0000000, 0x00000000a5e80000, 0x00000000e0000000)
  object space 96768K, 25% used [0x00000000a0000000,0x00000000a1815fc0,0x00000000a5e80000)
 Metaspace       used 57279K, capacity 59008K, committed 59160K, reserved 1099776K
  class space    used 7922K, capacity 8374K, committed 8480K, reserved 1048576K
}
Event: 12.358 GC heap before
{Heap before GC invocations=15 (full 3):
 PSYoungGen      total 174080K, used 14242K [0x00000000e0000000, 0x00000000ec700000, 0x0000000100000000)
  eden space 158208K, 0% used [0x00000000e0000000,0x00000000e0000000,0x00000000e9a80000)
  from space 15872K, 89% used [0x00000000eab80000,0x00000000eb968958,0x00000000ebb00000)
  to   space 17408K, 0% used [0x00000000e9a80000,0x00000000e9a80000,0x00000000eab80000)
 ParOldGen       total 96768K, used 24663K [0x00000000a0000000, 0x00000000a5e80000, 0x00000000e0000000)
  object space 96768K, 25% used [0x00000000a0000000,0x00000000a1815fc0,0x00000000a5e80000)
 Metaspace       used 57279K, capacity 59008K, committed 59160K, reserved 1099776K
  class space    used 7922K, capacity 8374K, committed 8480K, reserved 1048576K
Event: 12.753 GC heap after
Heap after GC invocations=15 (full 3):
 PSYoungGen      total 174080K, used 0K [0x00000000e0000000, 0x00000000ec700000, 0x0000000100000000)
  eden space 158208K, 0% used [0x00000000e0000000,0x00000000e0000000,0x00000000e9a80000)
  from space 15872K, 0% used [0x00000000eab80000,0x00000000eab80000,0x00000000ebb00000)
  to   space 17408K, 0% used [0x00000000e9a80000,0x00000000e9a80000,0x00000000eab80000)
 ParOldGen       total 146944K, used 34928K [0x00000000a0000000, 0x00000000a8f80000, 0x00000000e0000000)
  object space 146944K, 23% used [0x00000000a0000000,0x00000000a221c3a8,0x00000000a8f80000)
 Metaspace       used 57279K, capacity 59008K, committed 59160K, reserved 1099776K
  class space    used 7922K, capacity 8374K, committed 8480K, reserved 1048576K
}
Event: 17.634 GC heap before
{Heap before GC invocations=16 (full 3):
 PSYoungGen      total 174080K, used 158208K [0x00000000e0000000, 0x00000000ec700000, 0x0000000100000000)
  eden space 158208K, 100% used [0x00000000e0000000,0x00000000e9a80000,0x00000000e9a80000)
  from space 15872K, 0% used [0x00000000eab80000,0x00000000eab80000,0x00000000ebb00000)
  to   space 17408K, 0% used [0x00000000e9a80000,0x00000000e9a80000,0x00000000eab80000)
 ParOldGen       total 146944K, used 34928K [0x00000000a0000000, 0x00000000a8f80000, 0x00000000e0000000)
  object space 146944K, 23% used [0x00000000a0000000,0x00000000a221c3a8,0x00000000a8f80000)
 Metaspace       used 62131K, capacity 64468K, committed 64664K, reserved 1105920K
  class space    used 8548K, capacity 9036K, committed 9120K, reserved 1048576K
Event: 17.653 GC heap after
Heap after GC invocations=16 (full 3):
 PSYoungGen      total 175616K, used 15018K [0x00000000e0000000, 0x00000000ed400000, 0x0000000100000000)
  eden space 158208K, 0% used [0x00000000e0000000,0x00000000e0000000,0x00000000e9a80000)
  from space 17408K, 86% used [0x00000000e9a80000,0x00000000ea92a9d8,0x00000000eab80000)
  to   space 18432K, 0% used [0x00000000ec200000,0x00000000ec200000,0x00000000ed400000)
 ParOldGen       total 146944K, used 34936K [0x00000000a0000000, 0x00000000a8f80000, 0x00000000e0000000)
  object space 146944K, 23% used [0x00000000a0000000,0x00000000a221e3a8,0x00000000a8f80000)
 Metaspace       used 62131K, capacity 64468K, committed 64664K, reserved 1105920K
  class space    used 8548K, capacity 9036K, committed 9120K, reserved 1048576K
}

