# JRE version: OpenJDK Runtime Environment (8.0_212-b04) (build 1.8.0_212-release-1586-b04)
# Java VM: OpenJDK 64-Bit Server VM (25.212-b04 mixed mode windows-amd64 compressed oops)
Heap:
 PSYoungGen      total 202752K, used 7018K [0x00000000e0000000, 0x00000000eff80000, 0x0000000100000000)
  eden space 186880K, 3% used [0x00000000e0000000,0x00000000e06daa40,0x00000000eb680000)
  from space 15872K, 0% used [0x00000000eb680000,0x00000000eb680000,0x00000000ec600000)
  to   space 22528K, 0% used [0x00000000ee980000,0x00000000ee980000,0x00000000eff80000)
 ParOldGen       total 142848K, used 40047K [0x00000000a0000000, 0x00000000a8b80000, 0x00000000e0000000)
  object space 142848K, 28% used [0x00000000a0000000,0x00000000a271bf98,0x00000000a8b80000)
 Metaspace       used 57303K, capacity 59232K, committed 59416K, reserved 1099776K
  class space    used 7789K, capacity 8241K, committed 8320K, reserved 1048576K
GC Heap History (10 events):
Event: 12.406 GC heap before
{Heap before GC invocations=8 (full 1):
 PSYoungGen      total 121856K, used 90292K [0x00000000e0000000, 0x00000000e9780000, 0x0000000100000000)
  eden space 114176K, 72% used [0x00000000e0000000,0x00000000e50eee78,0x00000000e6f80000)
  from space 7680K, 96% used [0x00000000e9000000,0x00000000e973e240,0x00000000e9780000)
  to   space 13312K, 0% used [0x00000000e7d80000,0x00000000e7d80000,0x00000000e8a80000)
 ParOldGen       total 58368K, used 7828K [0x00000000a0000000, 0x00000000a3900000, 0x00000000e0000000)
  object space 58368K, 13% used [0x00000000a0000000,0x00000000a07a5380,0x00000000a3900000)
 Metaspace       used 34679K, capacity 35350K, committed 35496K, reserved 1079296K
  class space    used 4602K, capacity 4808K, committed 4864K, reserved 1048576K
Event: 12.424 GC heap after
Heap after GC invocations=8 (full 1):
 PSYoungGen      total 141824K, used 12191K [0x00000000e0000000, 0x00000000ed800000, 0x0000000100000000)
  eden space 128512K, 0% used [0x00000000e0000000,0x00000000e0000000,0x00000000e7d80000)
  from space 13312K, 91% used [0x00000000e7d80000,0x00000000e8967cb0,0x00000000e8a80000)
  to   space 14848K, 0% used [0x00000000ec980000,0x00000000ec980000,0x00000000ed800000)
 ParOldGen       total 58368K, used 7836K [0x00000000a0000000, 0x00000000a3900000, 0x00000000e0000000)
  object space 58368K, 13% used [0x00000000a0000000,0x00000000a07a7380,0x00000000a3900000)
 Metaspace       used 34679K, capacity 35350K, committed 35496K, reserved 1079296K
  class space    used 4602K, capacity 4808K, committed 4864K, reserved 1048576K
}
Event: 12.424 GC heap before
{Heap before GC invocations=9 (full 2):
 PSYoungGen      total 141824K, used 12191K [0x00000000e0000000, 0x00000000ed800000, 0x0000000100000000)
  eden space 128512K, 0% used [0x00000000e0000000,0x00000000e0000000,0x00000000e7d80000)
  from space 13312K, 91% used [0x00000000e7d80000,0x00000000e8967cb0,0x00000000e8a80000)
  to   space 14848K, 0% used [0x00000000ec980000,0x00000000ec980000,0x00000000ed800000)
 ParOldGen       total 58368K, used 7836K [0x00000000a0000000, 0x00000000a3900000, 0x00000000e0000000)
  object space 58368K, 13% used [0x00000000a0000000,0x00000000a07a7380,0x00000000a3900000)
 Metaspace       used 34679K, capacity 35350K, committed 35496K, reserved 1079296K
  class space    used 4602K, capacity 4808K, committed 4864K, reserved 1048576K
Event: 12.595 GC heap after
Heap after GC invocations=9 (full 2):
 PSYoungGen      total 141824K, used 0K [0x00000000e0000000, 0x00000000ed800000, 0x0000000100000000)
  eden space 128512K, 0% used [0x00000000e0000000,0x00000000e0000000,0x00000000e7d80000)
  from space 13312K, 0% used [0x00000000e7d80000,0x00000000e7d80000,0x00000000e8a80000)
  to   space 14848K, 0% used [0x00000000ec980000,0x00000000ec980000,0x00000000ed800000)
 ParOldGen       total 92672K, used 19337K [0x00000000a0000000, 0x00000000a5a80000, 0x00000000e0000000)
  object space 92672K, 20% used [0x00000000a0000000,0x00000000a12e2608,0x00000000a5a80000)
 Metaspace       used 34679K, capacity 35350K, committed 35496K, reserved 1079296K
  class space    used 4602K, capacity 4808K, committed 4864K, reserved 1048576K
}
Event: 18.758 GC heap before
{Heap before GC invocations=10 (full 2):
 PSYoungGen      total 141824K, used 128512K [0x00000000e0000000, 0x00000000ed800000, 0x0000000100000000)
  eden space 128512K, 100% used [0x00000000e0000000,0x00000000e7d80000,0x00000000e7d80000)
  from space 13312K, 0% used [0x00000000e7d80000,0x00000000e7d80000,0x00000000e8a80000)
  to   space 14848K, 0% used [0x00000000ec980000,0x00000000ec980000,0x00000000ed800000)
 ParOldGen       total 92672K, used 19337K [0x00000000a0000000, 0x00000000a5a80000, 0x00000000e0000000)
  object space 92672K, 20% used [0x00000000a0000000,0x00000000a12e2608,0x00000000a5a80000)
 Metaspace       used 42633K, capacity 43920K, committed 44032K, reserved 1087488K
  class space    used 5755K, capacity 6064K, committed 6144K, reserved 1048576K
Event: 18.774 GC heap after
Heap after GC invocations=10 (full 2):
 PSYoungGen      total 190464K, used 11975K [0x00000000e0000000, 0x00000000ed580000, 0x0000000100000000)
  eden space 178176K, 0% used [0x00000000e0000000,0x00000000e0000000,0x00000000eae00000)
  from space 12288K, 97% used [0x00000000ec980000,0x00000000ed531eb8,0x00000000ed580000)
  to   space 15872K, 0% used [0x00000000eb680000,0x00000000eb680000,0x00000000ec600000)
 ParOldGen       total 92672K, used 19345K [0x00000000a0000000, 0x00000000a5a80000, 0x00000000e0000000)
  object space 92672K, 20% used [0x00000000a0000000,0x00000000a12e4608,0x00000000a5a80000)
 Metaspace       used 42633K, capacity 43920K, committed 44032K, reserved 1087488K
  class space    used 5755K, capacity 6064K, committed 6144K, reserved 1048576K
}
Event: 22.790 GC heap before
{Heap before GC invocations=11 (full 2):
 PSYoungGen      total 190464K, used 187760K [0x00000000e0000000, 0x00000000ed580000, 0x0000000100000000)
  eden space 178176K, 98% used [0x00000000e0000000,0x00000000eabaa238,0x00000000eae00000)
  from space 12288K, 97% used [0x00000000ec980000,0x00000000ed531eb8,0x00000000ed580000)
  to   space 15872K, 0% used [0x00000000eb680000,0x00000000eb680000,0x00000000ec600000)
 ParOldGen       total 92672K, used 19345K [0x00000000a0000000, 0x00000000a5a80000, 0x00000000e0000000)
  object space 92672K, 20% used [0x00000000a0000000,0x00000000a12e4608,0x00000000a5a80000)
 Metaspace       used 57084K, capacity 59058K, committed 59160K, reserved 1099776K
  class space    used 7752K, capacity 8231K, committed 8320K, reserved 1048576K
Event: 22.821 GC heap after
Heap after GC invocations=11 (full 2):
 PSYoungGen      total 202752K, used 15868K [0x00000000e0000000, 0x00000000eff80000, 0x0000000100000000)
  eden space 186880K, 0% used [0x00000000e0000000,0x00000000e0000000,0x00000000eb680000)
  from space 15872K, 99% used [0x00000000eb680000,0x00000000ec5ff320,0x00000000ec600000)
  to   space 22528K, 0% used [0x00000000ee980000,0x00000000ee980000,0x00000000eff80000)
 ParOldGen       total 92672K, used 29715K [0x00000000a0000000, 0x00000000a5a80000, 0x00000000e0000000)
  object space 92672K, 32% used [0x00000000a0000000,0x00000000a1d04da0,0x00000000a5a80000)
 Metaspace       used 57084K, capacity 59058K, committed 59160K, reserved 1099776K
  class space    used 7752K, capacity 8231K, committed 8320K, reserved 1048576K
}
Event: 22.821 GC heap before
{Heap before GC invocations=12 (full 3):
 PSYoungGen      total 202752K, used 15868K [0x00000000e0000000, 0x00000000eff80000, 0x0000000100000000)
  eden space 186880K, 0% used [0x00000000e0000000,0x00000000e0000000,0x00000000eb680000)
  from space 15872K, 99% used [0x00000000eb680000,0x00000000ec5ff320,0x00000000ec600000)
  to   space 22528K, 0% used [0x00000000ee980000,0x00000000ee980000,0x00000000eff80000)
 ParOldGen       total 92672K, used 29715K [0x00000000a0000000, 0x00000000a5a80000, 0x00000000e0000000)
  object space 92672K, 32% used [0x00000000a0000000,0x00000000a1d04da0,0x00000000a5a80000)
 Metaspace       used 57084K, capacity 59058K, committed 59160K, reserved 1099776K
  class space    used 7752K, capacity 8231K, committed 8320K, reserved 1048576K
Event: 23.223 GC heap after
Heap after GC invocations=12 (full 3):
 PSYoungGen      total 202752K, used 0K [0x00000000e0000000, 0x00000000eff80000, 0x0000000100000000)
  eden space 186880K, 0% used [0x00000000e0000000,0x00000000e0000000,0x00000000eb680000)
  from space 15872K, 0% used [0x00000000eb680000,0x00000000eb680000,0x00000000ec600000)
  to   space 22528K, 0% used [0x00000000ee980000,0x00000000ee980000,0x00000000eff80000)
 ParOldGen       total 142848K, used 40047K [0x00000000a0000000, 0x00000000a8b80000, 0x00000000e0000000)
  object space 142848K, 28% used [0x00000000a0000000,0x00000000a271bf98,0x00000000a8b80000)
 Metaspace       used 57019K, capacity 58844K, committed 59160K, reserved 1099776K
  class space    used 7733K, capacity 8201K, committed 8320K, reserved 1048576K
}

